Log file opened on Fri May 22 14:55:32 2015
Host: Jackson-Chief-Elks-MacBook-Pro.local  pid: 19924  nodeid: 0  nnodes:  1
Gromacs version:    VERSION 4.6.5
Precision:          single
Memory model:       64 bit
MPI library:        thread_mpi
OpenMP support:     disabled
GPU support:        disabled
invsqrt routine:    gmx_software_invsqrt(x)
CPU acceleration:   SSE4.1
FFT library:        fftw-3.3.4-sse2
Large file support: enabled
RDTSCP usage:       disabled
Built on:           Thu Feb 19 08:37:14 MST 2015
Built by:           jacksonchiefelk@Jackson-Chief-Elks-MacBook-Pro.local [CMAKE]
Build OS/arch:      Darwin 14.0.0 x86_64
Build CPU vendor:   GenuineIntel
Build CPU brand:    Intel(R) Core(TM)2 Duo CPU     P8600  @ 2.40GHz
Build CPU family:   6   Model: 23   Stepping: 10
Build CPU features: apic clfsh cmov cx8 cx16 lahf_lm mmx msr pdcm pse sse2 sse3 sse4.1 ssse3
C compiler:         /usr/local/Library/ENV/4.3/clang Clang Apple LLVM version 6.0 (clang-600.0.56) (based on LLVM 3.5svn)
C compiler flags:   -msse4.1    -Wall -Wno-unused -Wunused-value -Wno-unknown-pragmas   


                         :-)  G  R  O  M  A  C  S  (-:

                       GRowing Old MAkes el Chrono Sweat

                            :-)  VERSION 4.6.5  (-:

        Contributions from Mark Abraham, Emile Apol, Rossen Apostolov, 
           Herman J.C. Berendsen, Aldert van Buuren, Pär Bjelkmar,  
     Rudi van Drunen, Anton Feenstra, Gerrit Groenhof, Christoph Junghans, 
        Peter Kasson, Carsten Kutzner, Per Larsson, Pieter Meulenhoff, 
           Teemu Murtola, Szilard Pall, Sander Pronk, Roland Schulz, 
                Michael Shirts, Alfons Sijbers, Peter Tieleman,

               Berk Hess, David van der Spoel, and Erik Lindahl.

       Copyright (c) 1991-2000, University of Groningen, The Netherlands.
         Copyright (c) 2001-2012,2013, The GROMACS development team at
        Uppsala University & The Royal Institute of Technology, Sweden.
            check out http://www.gromacs.org for more information.

         This program is free software; you can redistribute it and/or
       modify it under the terms of the GNU Lesser General Public License
        as published by the Free Software Foundation; either version 2.1
             of the License, or (at your option) any later version.

                         :-)  /usr/local/bin/mdrun  (-:


++++ PLEASE READ AND CITE THE FOLLOWING REFERENCE ++++
B. Hess and C. Kutzner and D. van der Spoel and E. Lindahl
GROMACS 4: Algorithms for highly efficient, load-balanced, and scalable
molecular simulation
J. Chem. Theory Comput. 4 (2008) pp. 435-447
-------- -------- --- Thank You --- -------- --------


++++ PLEASE READ AND CITE THE FOLLOWING REFERENCE ++++
D. van der Spoel, E. Lindahl, B. Hess, G. Groenhof, A. E. Mark and H. J. C.
Berendsen
GROMACS: Fast, Flexible and Free
J. Comp. Chem. 26 (2005) pp. 1701-1719
-------- -------- --- Thank You --- -------- --------


++++ PLEASE READ AND CITE THE FOLLOWING REFERENCE ++++
E. Lindahl and B. Hess and D. van der Spoel
GROMACS 3.0: A package for molecular simulation and trajectory analysis
J. Mol. Mod. 7 (2001) pp. 306-317
-------- -------- --- Thank You --- -------- --------


++++ PLEASE READ AND CITE THE FOLLOWING REFERENCE ++++
H. J. C. Berendsen, D. van der Spoel and R. van Drunen
GROMACS: A message-passing parallel molecular dynamics implementation
Comp. Phys. Comm. 91 (1995) pp. 43-56
-------- -------- --- Thank You --- -------- --------


-------------------------------------------------------
Program mdrun, VERSION 4.6.5
Source code file: /tmp/gromacs-n6zPBp/gromacs-4.6.5/src/gmxlib/gmxfio.c, line: 524

Can not open file:
../../../data/full.tpr
For more information and tips for troubleshooting, please check the GROMACS
website at http://www.gromacs.org/Documentation/Errors
-------------------------------------------------------

"Stay Cool, This is a Robbery" (Pulp Fiction)

