Log file opened on Sat May 23 09:55:48 2015
Host: Jackson-Chief-Elks-MacBook-Pro.local  pid: 27286  nodeid: 0  nnodes:  1
Gromacs version:    VERSION 4.6.5
Precision:          single
Memory model:       64 bit
MPI library:        thread_mpi
OpenMP support:     disabled
GPU support:        disabled
invsqrt routine:    gmx_software_invsqrt(x)
CPU acceleration:   SSE4.1
FFT library:        fftw-3.3.4-sse2
Large file support: enabled
RDTSCP usage:       disabled
Built on:           Thu Feb 19 08:37:14 MST 2015
Built by:           jacksonchiefelk@Jackson-Chief-Elks-MacBook-Pro.local [CMAKE]
Build OS/arch:      Darwin 14.0.0 x86_64
Build CPU vendor:   GenuineIntel
Build CPU brand:    Intel(R) Core(TM)2 Duo CPU     P8600  @ 2.40GHz
Build CPU family:   6   Model: 23   Stepping: 10
Build CPU features: apic clfsh cmov cx8 cx16 lahf_lm mmx msr pdcm pse sse2 sse3 sse4.1 ssse3
C compiler:         /usr/local/Library/ENV/4.3/clang Clang Apple LLVM version 6.0 (clang-600.0.56) (based on LLVM 3.5svn)
C compiler flags:   -msse4.1    -Wall -Wno-unused -Wunused-value -Wno-unknown-pragmas   


                         :-)  G  R  O  M  A  C  S  (-:

               Giant Rising Ordinary Mutants for A Clerical Setup

                            :-)  VERSION 4.6.5  (-:

        Contributions from Mark Abraham, Emile Apol, Rossen Apostolov, 
           Herman J.C. Berendsen, Aldert van Buuren, Pär Bjelkmar,  
     Rudi van Drunen, Anton Feenstra, Gerrit Groenhof, Christoph Junghans, 
        Peter Kasson, Carsten Kutzner, Per Larsson, Pieter Meulenhoff, 
           Teemu Murtola, Szilard Pall, Sander Pronk, Roland Schulz, 
                Michael Shirts, Alfons Sijbers, Peter Tieleman,

               Berk Hess, David van der Spoel, and Erik Lindahl.

       Copyright (c) 1991-2000, University of Groningen, The Netherlands.
         Copyright (c) 2001-2012,2013, The GROMACS development team at
        Uppsala University & The Royal Institute of Technology, Sweden.
            check out http://www.gromacs.org for more information.

         This program is free software; you can redistribute it and/or
       modify it under the terms of the GNU Lesser General Public License
        as published by the Free Software Foundation; either version 2.1
             of the License, or (at your option) any later version.

                         :-)  /usr/local/bin/mdrun  (-:


++++ PLEASE READ AND CITE THE FOLLOWING REFERENCE ++++
B. Hess and C. Kutzner and D. van der Spoel and E. Lindahl
GROMACS 4: Algorithms for highly efficient, load-balanced, and scalable
molecular simulation
J. Chem. Theory Comput. 4 (2008) pp. 435-447
-------- -------- --- Thank You --- -------- --------


++++ PLEASE READ AND CITE THE FOLLOWING REFERENCE ++++
D. van der Spoel, E. Lindahl, B. Hess, G. Groenhof, A. E. Mark and H. J. C.
Berendsen
GROMACS: Fast, Flexible and Free
J. Comp. Chem. 26 (2005) pp. 1701-1719
-------- -------- --- Thank You --- -------- --------


++++ PLEASE READ AND CITE THE FOLLOWING REFERENCE ++++
E. Lindahl and B. Hess and D. van der Spoel
GROMACS 3.0: A package for molecular simulation and trajectory analysis
J. Mol. Mod. 7 (2001) pp. 306-317
-------- -------- --- Thank You --- -------- --------


++++ PLEASE READ AND CITE THE FOLLOWING REFERENCE ++++
H. J. C. Berendsen, D. van der Spoel and R. van Drunen
GROMACS: A message-passing parallel molecular dynamics implementation
Comp. Phys. Comm. 91 (1995) pp. 43-56
-------- -------- --- Thank You --- -------- --------

Input Parameters:
   integrator           = md
   nsteps               = 100
   init-step            = 0
   cutoff-scheme        = Group
   ns_type              = Simple
   nstlist              = 10
   ndelta               = 2
   nstcomm              = 100
   comm-mode            = Angular
   nstlog               = 1000
   nstxout              = 1
   nstvout              = 0
   nstfout              = 0
   nstcalcenergy        = 100
   nstenergy            = 1000
   nstxtcout            = 0
   init-t               = 0
   delta-t              = 0.005
   xtcprec              = 1000
   fourierspacing       = 0.12
   nkx                  = 0
   nky                  = 0
   nkz                  = 0
   pme-order            = 4
   ewald-rtol           = 1e-05
   ewald-geometry       = 0
   epsilon-surface      = 0
   optimize-fft         = FALSE
   ePBC                 = no
   bPeriodicMols        = FALSE
   bContinuation        = FALSE
   bShakeSOR            = FALSE
   etc                  = V-rescale
   bPrintNHChains       = FALSE
   nsttcouple           = 10
   epc                  = No
   epctype              = Isotropic
   nstpcouple           = -1
   tau-p                = 1
   ref-p (3x3):
      ref-p[    0]={ 0.00000e+00,  0.00000e+00,  0.00000e+00}
      ref-p[    1]={ 0.00000e+00,  0.00000e+00,  0.00000e+00}
      ref-p[    2]={ 0.00000e+00,  0.00000e+00,  0.00000e+00}
   compress (3x3):
      compress[    0]={ 0.00000e+00,  0.00000e+00,  0.00000e+00}
      compress[    1]={ 0.00000e+00,  0.00000e+00,  0.00000e+00}
      compress[    2]={ 0.00000e+00,  0.00000e+00,  0.00000e+00}
   refcoord-scaling     = No
   posres-com (3):
      posres-com[0]= 0.00000e+00
      posres-com[1]= 0.00000e+00
      posres-com[2]= 0.00000e+00
   posres-comB (3):
      posres-comB[0]= 0.00000e+00
      posres-comB[1]= 0.00000e+00
      posres-comB[2]= 0.00000e+00
   verlet-buffer-drift  = 0.005
   rlist                = 5
   rlistlong            = 5
   nstcalclr            = 0
   rtpi                 = 0.05
   coulombtype          = Cut-off
   coulomb-modifier     = None
   rcoulomb-switch      = 0
   rcoulomb             = 5
   vdwtype              = Cut-off
   vdw-modifier         = None
   rvdw-switch          = 0
   rvdw                 = 5
   epsilon-r            = 1
   epsilon-rf           = inf
   tabext               = 1
   implicit-solvent     = GBSA
   gb-algorithm         = Still
   gb-epsilon-solvent   = 80
   nstgbradii           = 1
   rgbradii             = 5
   gb-saltconc          = 0
   gb-obc-alpha         = 1
   gb-obc-beta          = 0.8
   gb-obc-gamma         = 4.85
   gb-dielectric-offset = 0.009
   sa-algorithm         = Ace-approximation
   sa-surface-tension   = 2.05016
   DispCorr             = No
   bSimTemp             = FALSE
   free-energy          = no
   nwall                = 0
   wall-type            = 9-3
   wall-atomtype[0]     = -1
   wall-atomtype[1]     = -1
   wall-density[0]      = 0
   wall-density[1]      = 0
   wall-ewald-zfac      = 3
   pull                 = no
   rotation             = FALSE
   disre                = No
   disre-weighting      = Conservative
   disre-mixed          = FALSE
   dr-fc                = 1000
   dr-tau               = 0
   nstdisreout          = 100
   orires-fc            = 0
   orires-tau           = 0
   nstorireout          = 100
   dihre-fc             = 0
   em-stepsize          = 0.01
   em-tol               = 10
   niter                = 20
   fc-stepsize          = 0
   nstcgsteep           = 1000
   nbfgscorr            = 10
   ConstAlg             = Lincs
   shake-tol            = 0.0001
   lincs-order          = 4
   lincs-warnangle      = 30
   lincs-iter           = 1
   bd-fric              = 0
   ld-seed              = 27254
   cos-accel            = 0
   deform (3x3):
      deform[    0]={ 0.00000e+00,  0.00000e+00,  0.00000e+00}
      deform[    1]={ 0.00000e+00,  0.00000e+00,  0.00000e+00}
      deform[    2]={ 0.00000e+00,  0.00000e+00,  0.00000e+00}
   adress               = FALSE
   userint1             = 0
   userint2             = 0
   userint3             = 0
   userint4             = 0
   userreal1            = 0
   userreal2            = 0
   userreal3            = 0
   userreal4            = 0
grpopts:
   nrdf:         101
   ref-t:         300
   tau-t:           1
anneal:          No
ann-npoints:           0
   acc:	           0           0           0
   nfreeze:           N           N           N
   energygrp-flags[  0]: 0
   efield-x:
      n = 0
   efield-xt:
      n = 0
   efield-y:
      n = 0
   efield-yt:
      n = 0
   efield-z:
      n = 0
   efield-zt:
      n = 0
   bQMMM                = FALSE
   QMconstraints        = 0
   QMMMscheme           = 0
   scalefactor          = 1
qm-opts:
   ngQM                 = 0
Using 1 MPI thread

Detecting CPU-specific acceleration.
Present hardware specification:
Vendor: GenuineIntel
Brand:  Intel(R) Core(TM)2 Duo CPU     P8600  @ 2.40GHz
Family:  6  Model: 23  Stepping: 10
Features: apic clfsh cmov cx8 cx16 lahf_lm mmx msr pdcm pse sse2 sse3 sse4.1 ssse3
Acceleration most likely to fit this hardware: SSE4.1
Acceleration selected at GROMACS compile time: SSE4.1

Table routines are used for coulomb: FALSE
Table routines are used for vdw:     FALSE
Cut-off's:   NS: 5   Coulomb: 5   LJ: 5
System total charge: 0.000
Generated table with 3000 data points for 1-4 COUL.
Tabscale = 500 points/nm
Generated table with 3000 data points for 1-4 LJ6.
Tabscale = 500 points/nm
Generated table with 3000 data points for 1-4 LJ12.
Tabscale = 500 points/nm
Potential shift: LJ r^-12: 0.000 r^-6 0.000, Coulomb 0.000

Initializing LINear Constraint Solver

++++ PLEASE READ AND CITE THE FOLLOWING REFERENCE ++++
B. Hess and H. Bekker and H. J. C. Berendsen and J. G. E. M. Fraaije
LINCS: A Linear Constraint Solver for molecular simulations
J. Comp. Chem. 18 (1997) pp. 1463-1472
-------- -------- --- Thank You --- -------- --------

The number of constraints is 52
Center of mass motion removal mode is Angular
We have the following groups for center of mass motion removal:
  0:  rest

++++ PLEASE READ AND CITE THE FOLLOWING REFERENCE ++++
G. Bussi, D. Donadio and M. Parrinello
Canonical sampling through velocity rescaling
J. Chem. Phys. 126 (2007) pp. 014101
-------- -------- --- Thank You --- -------- --------

There are: 53 Atoms

Constraining the starting coordinates (step 0)

Constraining the coordinates at t0-dt (step 0)
Group rest with mass  3.73416e+02, Ekrot  9.36863e+00 Det(I) =  1.32595e+03
  COM:     -0.56430       0.24208      -0.37789
  P:       -0.00000      -0.00000       0.00000
  V:       -0.00000      -0.00000       0.00000
  J:      -17.47458     -28.71487      -5.20443
  w:       -0.92031      -0.01091      -0.45000
Inertia tensor (3x3):
   Inertia tensor[    0]={ 6.63324e+01, -2.44102e+01,  3.28687e+01}
   Inertia tensor[    1]={-2.44102e+01,  1.21703e+01, -1.17333e+01}
   Inertia tensor[    2]={ 3.28687e+01, -1.17333e+01,  2.25996e+01}
RMS relative constraint deviation after constraining: 1.13e-04
Initial temperature: 299.577 K

Started mdrun on node 0 Sat May 23 09:55:48 2015

           Step           Time         Lambda
              0        0.00000        0.00000


   Energies (kJ/mol)
          Angle    Proper Dih.  Improper Dih.GB Polarization  Nonpolar Sol.
    3.33746e+01    1.23527e+02    8.84068e+00   -6.75013e+02    2.34590e+01
          LJ-14     Coulomb-14        LJ (SR)   Coulomb (SR)      Potential
    3.94219e+01    1.58020e+03   -9.58877e+00   -1.60922e+03   -4.84995e+02
    Kinetic En.   Total Energy  Conserved En.    Temperature Pressure (bar)
    1.41762e+02   -3.43233e+02   -3.43233e+02    3.37623e+02    0.00000e+00
   Constr. rmsd
    1.36378e-04

           Step           Time         Lambda
            100        0.50000        0.00000

Writing checkpoint, step 100 at Sat May 23 09:55:48 2015


   Energies (kJ/mol)
          Angle    Proper Dih.  Improper Dih.GB Polarization  Nonpolar Sol.
    7.20582e+01    1.32366e+02    1.63860e+01   -6.66627e+02    2.24959e+01
          LJ-14     Coulomb-14        LJ (SR)   Coulomb (SR)      Potential
    4.78075e+01    1.54331e+03   -2.60165e+01   -1.58223e+03   -4.40444e+02
    Kinetic En.   Total Energy  Conserved En.    Temperature Pressure (bar)
    1.34445e+02   -3.05998e+02   -3.17459e+02    3.20197e+02    0.00000e+00
   Constr. rmsd
    1.35670e-04

	<======  ###############  ==>
	<====  A V E R A G E S  ====>
	<==  ###############  ======>

	Statistics over 101 steps using 2 frames

   Energies (kJ/mol)
          Angle    Proper Dih.  Improper Dih.GB Polarization  Nonpolar Sol.
    5.27164e+01    1.27946e+02    1.26134e+01   -6.70820e+02    2.29775e+01
          LJ-14     Coulomb-14        LJ (SR)   Coulomb (SR)      Potential
    4.36147e+01    1.56176e+03   -1.78026e+01   -1.59572e+03   -4.62719e+02
    Kinetic En.   Total Energy  Conserved En.    Temperature Pressure (bar)
    1.38104e+02   -3.24616e+02   -3.30346e+02    3.28910e+02    0.00000e+00
   Constr. rmsd
    0.00000e+00

   Total Virial (kJ/mol)
   -2.36748e+02    1.00434e+02   -5.01955e+01
    1.00434e+02    5.62331e+01    7.33928e+01
   -5.01954e+01    7.33927e+01   -1.23088e+02

   Pressure (bar)
    0.00000e+00    0.00000e+00    0.00000e+00
    0.00000e+00    0.00000e+00    0.00000e+00
    0.00000e+00    0.00000e+00    0.00000e+00


	M E G A - F L O P S   A C C O U N T I N G

 NB=Group-cutoff nonbonded kernels    NxN=N-by-N cluster Verlet kernels
 RF=Reaction-Field  VdW=Van der Waals  QSTab=quadratic-spline table
 W3=SPC/TIP3p  W4=TIP4p (single or pairs)
 V&F=Potential and force  V=Potential only  F=Force only

 Computing:                               M-Number         M-Flops  % Flops
-----------------------------------------------------------------------------
 NB VdW & Elec. [V&F]                     0.168676           0.169     0.1
 NB VdW & Elec. [F]                       7.527069           7.527     2.2
 1,4 nonbonded interactions               0.012524           1.127     0.3
 Born radii (Still)                       6.205137         291.641    86.7
 Born force chain rule                    1.999497          29.992     8.9
 NS-Pairs                                 0.015741           0.331     0.1
 CG-CoM                                   0.000583           0.002     0.0
 Angles                                   0.009393           1.578     0.5
 Propers                                  0.012221           2.799     0.8
 Impropers                                0.000909           0.189     0.1
 Virial                                   0.000196           0.004     0.0
 Stop-CM                                  0.000159           0.002     0.0
 Calc-Ekin                                0.001166           0.031     0.0
 Lincs                                    0.005356           0.321     0.1
 Lincs-Mat                                0.114948           0.460     0.1
 Constraint-V                             0.010608           0.085     0.0
 Constraint-Vir                           0.000104           0.002     0.0
-----------------------------------------------------------------------------
 Total                                                     336.260   100.0
-----------------------------------------------------------------------------


     R E A L   C Y C L E   A N D   T I M E   A C C O U N T I N G

 Computing:         Nodes   Th.     Count  Wall t (s)     G-Cycles       %
-----------------------------------------------------------------------------
 Neighbor search        1    1         11       0.001        0.003     3.5
 Force                  1    1        101       0.015        0.033    37.5
 Write traj.            1    1        101       0.020        0.045    51.0
 Update                 1    1        101       0.000        0.001     1.1
 Constraints            1    1        101       0.001        0.003     3.4
 Rest                   1                       0.001        0.003     3.5
-----------------------------------------------------------------------------
 Total                  1                       0.040        0.088   100.0
-----------------------------------------------------------------------------

               Core t (s)   Wall t (s)        (%)
       Time:        0.024        0.040       59.2
                 (ns/day)    (hour/ns)
Performance:     1094.251        0.022
Finished mdrun on node 0 Sat May 23 09:55:48 2015
