Log file opened on Wed May 27 14:22:04 2015
Host: Jackson-Chief-Elks-MacBook-Pro.local  pid: 15561  nodeid: 0  nnodes:  1
Gromacs version:    VERSION 4.6.5
Precision:          single
Memory model:       64 bit
MPI library:        thread_mpi
OpenMP support:     disabled
GPU support:        disabled
invsqrt routine:    gmx_software_invsqrt(x)
CPU acceleration:   SSE4.1
FFT library:        fftw-3.3.4-sse2
Large file support: enabled
RDTSCP usage:       disabled
Built on:           Thu Feb 19 08:37:14 MST 2015
Built by:           jacksonchiefelk@Jackson-Chief-Elks-MacBook-Pro.local [CMAKE]
Build OS/arch:      Darwin 14.0.0 x86_64
Build CPU vendor:   GenuineIntel
Build CPU brand:    Intel(R) Core(TM)2 Duo CPU     P8600  @ 2.40GHz
Build CPU family:   6   Model: 23   Stepping: 10
Build CPU features: apic clfsh cmov cx8 cx16 lahf_lm mmx msr pdcm pse sse2 sse3 sse4.1 ssse3
C compiler:         /usr/local/Library/ENV/4.3/clang Clang Apple LLVM version 6.0 (clang-600.0.56) (based on LLVM 3.5svn)
C compiler flags:   -msse4.1    -Wall -Wno-unused -Wunused-value -Wno-unknown-pragmas   


                         :-)  G  R  O  M  A  C  S  (-:

                               Grunge ROck MAChoS

                            :-)  VERSION 4.6.5  (-:

        Contributions from Mark Abraham, Emile Apol, Rossen Apostolov, 
           Herman J.C. Berendsen, Aldert van Buuren, Pär Bjelkmar,  
     Rudi van Drunen, Anton Feenstra, Gerrit Groenhof, Christoph Junghans, 
        Peter Kasson, Carsten Kutzner, Per Larsson, Pieter Meulenhoff, 
           Teemu Murtola, Szilard Pall, Sander Pronk, Roland Schulz, 
                Michael Shirts, Alfons Sijbers, Peter Tieleman,

               Berk Hess, David van der Spoel, and Erik Lindahl.

       Copyright (c) 1991-2000, University of Groningen, The Netherlands.
         Copyright (c) 2001-2012,2013, The GROMACS development team at
        Uppsala University & The Royal Institute of Technology, Sweden.
            check out http://www.gromacs.org for more information.

         This program is free software; you can redistribute it and/or
       modify it under the terms of the GNU Lesser General Public License
        as published by the Free Software Foundation; either version 2.1
             of the License, or (at your option) any later version.

                                :-)  mdrun  (-:


++++ PLEASE READ AND CITE THE FOLLOWING REFERENCE ++++
B. Hess and C. Kutzner and D. van der Spoel and E. Lindahl
GROMACS 4: Algorithms for highly efficient, load-balanced, and scalable
molecular simulation
J. Chem. Theory Comput. 4 (2008) pp. 435-447
-------- -------- --- Thank You --- -------- --------


++++ PLEASE READ AND CITE THE FOLLOWING REFERENCE ++++
D. van der Spoel, E. Lindahl, B. Hess, G. Groenhof, A. E. Mark and H. J. C.
Berendsen
GROMACS: Fast, Flexible and Free
J. Comp. Chem. 26 (2005) pp. 1701-1719
-------- -------- --- Thank You --- -------- --------


++++ PLEASE READ AND CITE THE FOLLOWING REFERENCE ++++
E. Lindahl and B. Hess and D. van der Spoel
GROMACS 3.0: A package for molecular simulation and trajectory analysis
J. Mol. Mod. 7 (2001) pp. 306-317
-------- -------- --- Thank You --- -------- --------


++++ PLEASE READ AND CITE THE FOLLOWING REFERENCE ++++
H. J. C. Berendsen, D. van der Spoel and R. van Drunen
GROMACS: A message-passing parallel molecular dynamics implementation
Comp. Phys. Comm. 91 (1995) pp. 43-56
-------- -------- --- Thank You --- -------- --------

Input Parameters:
   integrator           = steep
   nsteps               = 5000
   init-step            = 0
   cutoff-scheme        = Group
   ns_type              = Simple
   nstlist              = 0
   ndelta               = 2
   nstcomm              = 0
   comm-mode            = None
   nstlog               = 100
   nstxout              = 100
   nstvout              = 100
   nstfout              = 0
   nstcalcenergy        = 100
   nstenergy            = 100
   nstxtcout            = 0
   init-t               = 0
   delta-t              = 0.005
   xtcprec              = 1000
   fourierspacing       = 0.12
   nkx                  = 0
   nky                  = 0
   nkz                  = 0
   pme-order            = 4
   ewald-rtol           = 1e-05
   ewald-geometry       = 0
   epsilon-surface      = 0
   optimize-fft         = FALSE
   ePBC                 = no
   bPeriodicMols        = FALSE
   bContinuation        = FALSE
   bShakeSOR            = FALSE
   etc                  = No
   bPrintNHChains       = FALSE
   nsttcouple           = -1
   epc                  = No
   epctype              = Isotropic
   nstpcouple           = -1
   tau-p                = 1
   ref-p (3x3):
      ref-p[    0]={ 0.00000e+00,  0.00000e+00,  0.00000e+00}
      ref-p[    1]={ 0.00000e+00,  0.00000e+00,  0.00000e+00}
      ref-p[    2]={ 0.00000e+00,  0.00000e+00,  0.00000e+00}
   compress (3x3):
      compress[    0]={ 0.00000e+00,  0.00000e+00,  0.00000e+00}
      compress[    1]={ 0.00000e+00,  0.00000e+00,  0.00000e+00}
      compress[    2]={ 0.00000e+00,  0.00000e+00,  0.00000e+00}
   refcoord-scaling     = No
   posres-com (3):
      posres-com[0]= 0.00000e+00
      posres-com[1]= 0.00000e+00
      posres-com[2]= 0.00000e+00
   posres-comB (3):
      posres-comB[0]= 0.00000e+00
      posres-comB[1]= 0.00000e+00
      posres-comB[2]= 0.00000e+00
   verlet-buffer-drift  = 0.005
   rlist                = 1.4
   rlistlong            = 1.4
   nstcalclr            = 0
   rtpi                 = 0.05
   coulombtype          = Cut-off
   coulomb-modifier     = None
   rcoulomb-switch      = 0
   rcoulomb             = 1.4
   vdwtype              = Cut-off
   vdw-modifier         = None
   rvdw-switch          = 0
   rvdw                 = 1.4
   epsilon-r            = 1
   epsilon-rf           = inf
   tabext               = 1
   implicit-solvent     = No
   gb-algorithm         = Still
   gb-epsilon-solvent   = 80
   nstgbradii           = 1
   rgbradii             = 1
   gb-saltconc          = 0
   gb-obc-alpha         = 1
   gb-obc-beta          = 0.8
   gb-obc-gamma         = 4.85
   gb-dielectric-offset = 0.009
   sa-algorithm         = Ace-approximation
   sa-surface-tension   = 2.05016
   DispCorr             = No
   bSimTemp             = FALSE
   free-energy          = yes
   nstdhdl              = 50
   init-lambda-state    = -1
   init-lambda          = 0
   delta-lambda         = 0
   n-lambdas            = 0
   calc-lambda-neighbors = 1
   sc-alpha             = 0.5
   bScCoul              = TRUE
   bScPrintEnergy       = FALSE
   sc-power             = 1
   sc-r-power           = 6
   sc-sigma             = 0.3
   sc-sigma-min         = 0.3
   separate-dhdl-file   = yes
   dhdl-derivatives     = yes
   dh-hist-size         = 0
   dh-hist-spacing      = 0.1
   nwall                = 0
   wall-type            = 9-3
   wall-atomtype[0]     = -1
   wall-atomtype[1]     = -1
   wall-density[0]      = 0
   wall-density[1]      = 0
   wall-ewald-zfac      = 3
   pull                 = no
   rotation             = FALSE
   disre                = No
   disre-weighting      = Conservative
   disre-mixed          = FALSE
   dr-fc                = 1000
   dr-tau               = 0
   nstdisreout          = 100
   orires-fc            = 0
   orires-tau           = 0
   nstorireout          = 100
   dihre-fc             = 0
   em-stepsize          = 0.05
   em-tol               = 100
   niter                = 20
   fc-stepsize          = 0
   nstcgsteep           = 1000
   nbfgscorr            = 10
   ConstAlg             = Lincs
   shake-tol            = 0.0001
   lincs-order          = 4
   lincs-warnangle      = 30
   lincs-iter           = 1
   bd-fric              = 0
   ld-seed              = 1993
   cos-accel            = 0
   deform (3x3):
      deform[    0]={ 0.00000e+00,  0.00000e+00,  0.00000e+00}
      deform[    1]={ 0.00000e+00,  0.00000e+00,  0.00000e+00}
      deform[    2]={ 0.00000e+00,  0.00000e+00,  0.00000e+00}
   adress               = FALSE
   userint1             = 0
   userint2             = 0
   userint3             = 0
   userint4             = 0
   userreal1            = 0
   userreal2            = 0
   userreal3            = 0
   userreal4            = 0
grpopts:
   nrdf:         159
   ref-t:           0
   tau-t:           0
anneal:          No
ann-npoints:           0
   acc:	           0           0           0
   nfreeze:           N           N           N
   energygrp-flags[  0]: 0
   efield-x:
      n = 0
   efield-xt:
      n = 0
   efield-y:
      n = 0
   efield-yt:
      n = 0
   efield-z:
      n = 0
   efield-zt:
      n = 0
   bQMMM                = FALSE
   QMconstraints        = 0
   QMMMscheme           = 0
   scalefactor          = 1
qm-opts:
   ngQM                 = 0
Using 1 MPI thread

Detecting CPU-specific acceleration.
Present hardware specification:
Vendor: GenuineIntel
Brand:  Intel(R) Core(TM)2 Duo CPU     P8600  @ 2.40GHz
Family:  6  Model: 23  Stepping: 10
Features: apic clfsh cmov cx8 cx16 lahf_lm mmx msr pdcm pse sse2 sse3 sse4.1 ssse3
Acceleration most likely to fit this hardware: SSE4.1
Acceleration selected at GROMACS compile time: SSE4.1

Table routines are used for coulomb: FALSE
Table routines are used for vdw:     FALSE
Cut-off's:   NS: 1.4   Coulomb: 1.4   LJ: 1.4
System total charge, top. A: 0.000 top. B: 0.000
Generated table with 1200 data points for 1-4 COUL.
Tabscale = 500 points/nm
Generated table with 1200 data points for 1-4 LJ6.
Tabscale = 500 points/nm
Generated table with 1200 data points for 1-4 LJ12.
Tabscale = 500 points/nm
Potential shift: LJ r^-12: 0.000 r^-6 0.000, Coulomb 0.000
There are 0 atoms and 0 charges for free energy perturbation
Initiating Steepest Descents
Initial vector of lambda components:[     0.0000     0.0000     0.0000     0.0000     0.0000     0.0000     0.0000 ]
Started Steepest Descents on node 0 Wed May 27 14:22:04 2015

Steepest Descents:
   Tolerance (Fmax)   =  1.00000e+02
   Number of steps    =         5000

           Step           Time         Lambda
              0        0.00000        0.00000

   Energies (kJ/mol)
           Bond          Angle    Proper Dih.  Improper Dih.          LJ-14
    4.07272e+02    1.19889e+01    1.23502e+02    8.72824e+00    4.56601e+01
     Coulomb-14        LJ (SR)   Coulomb (SR)      Potential Pressure (bar)
    1.58635e+03   -1.33254e+01   -1.52789e+03    6.42291e+02    0.00000e+00
    dVremain/dl
    0.00000e+00

           Step           Time         Lambda
              1        1.00000        0.00000

           Step           Time         Lambda
              2        2.00000        0.00000

   Energies (kJ/mol)
           Bond          Angle    Proper Dih.  Improper Dih.          LJ-14
    2.32688e+02    1.15535e+02    1.21879e+02    3.70807e+00    3.82301e+01
     Coulomb-14        LJ (SR)   Coulomb (SR)      Potential Pressure (bar)
    1.57594e+03   -1.40300e+01   -1.53070e+03    5.43245e+02    0.00000e+00
    dVremain/dl
    0.00000e+00

           Step           Time         Lambda
              3        3.00000        0.00000

   Energies (kJ/mol)
           Bond          Angle    Proper Dih.  Improper Dih.          LJ-14
    2.53163e+02    1.53588e+01    1.21609e+02    2.54461e+00    4.22242e+01
     Coulomb-14        LJ (SR)   Coulomb (SR)      Potential Pressure (bar)
    1.57936e+03   -1.48132e+01   -1.52257e+03    4.76870e+02    0.00000e+00
    dVremain/dl
    0.00000e+00

           Step           Time         Lambda
              4        4.00000        0.00000

           Step           Time         Lambda
              5        5.00000        0.00000

   Energies (kJ/mol)
           Bond          Angle    Proper Dih.  Improper Dih.          LJ-14
    2.90042e+01    2.34275e+01    1.21180e+02    1.97015e+00    3.88216e+01
     Coulomb-14        LJ (SR)   Coulomb (SR)      Potential Pressure (bar)
    1.57345e+03   -1.53570e+01   -1.52740e+03    2.45099e+02    0.00000e+00
    dVremain/dl
    0.00000e+00

           Step           Time         Lambda
              6        6.00000        0.00000

           Step           Time         Lambda
              7        7.00000        0.00000

           Step           Time         Lambda
              8        8.00000        0.00000

   Energies (kJ/mol)
           Bond          Angle    Proper Dih.  Improper Dih.          LJ-14
    1.01077e+01    1.21361e+01    1.20985e+02    1.57878e+00    3.88294e+01
     Coulomb-14        LJ (SR)   Coulomb (SR)      Potential Pressure (bar)
    1.57413e+03   -1.56650e+01   -1.52586e+03    2.16240e+02    0.00000e+00
    dVremain/dl
    0.00000e+00

           Step           Time         Lambda
              9        9.00000        0.00000

           Step           Time         Lambda
             10       10.00000        0.00000

   Energies (kJ/mol)
           Bond          Angle    Proper Dih.  Improper Dih.          LJ-14
    6.52412e+00    1.10054e+01    1.20497e+02    9.08862e-01    3.74655e+01
     Coulomb-14        LJ (SR)   Coulomb (SR)      Potential Pressure (bar)
    1.57112e+03   -1.65514e+01   -1.52582e+03    2.05148e+02    0.00000e+00
    dVremain/dl
    0.00000e+00

           Step           Time         Lambda
             11       11.00000        0.00000

   Energies (kJ/mol)
           Bond          Angle    Proper Dih.  Improper Dih.          LJ-14
    5.40183e+00    6.56205e+00    1.20386e+02    7.43597e-01    3.72648e+01
     Coulomb-14        LJ (SR)   Coulomb (SR)      Potential Pressure (bar)
    1.57154e+03   -1.69935e+01   -1.52516e+03    1.99746e+02    0.00000e+00
    dVremain/dl
    0.00000e+00

           Step           Time         Lambda
             12       12.00000        0.00000

           Step           Time         Lambda
             13       13.00000        0.00000

   Energies (kJ/mol)
           Bond          Angle    Proper Dih.  Improper Dih.          LJ-14
    2.17629e+00    7.68836e+00    1.20268e+02    6.56560e-01    3.67814e+01
     Coulomb-14        LJ (SR)   Coulomb (SR)      Potential Pressure (bar)
    1.57036e+03   -1.73554e+01   -1.52574e+03    1.94837e+02    0.00000e+00
    dVremain/dl
    0.00000e+00

           Step           Time         Lambda
             14       14.00000        0.00000

   Energies (kJ/mol)
           Bond          Angle    Proper Dih.  Improper Dih.          LJ-14
    4.23220e+00    5.31649e+00    1.20163e+02    5.46078e-01    3.63918e+01
     Coulomb-14        LJ (SR)   Coulomb (SR)      Potential Pressure (bar)
    1.57034e+03   -1.80016e+01   -1.52562e+03    1.93366e+02    0.00000e+00
    dVremain/dl
    0.00000e+00

           Step           Time         Lambda
             15       15.00000        0.00000

   Energies (kJ/mol)
           Bond          Angle    Proper Dih.  Improper Dih.          LJ-14
    4.77712e+00    7.25459e+00    1.20064e+02    5.12045e-01    3.58632e+01
     Coulomb-14        LJ (SR)   Coulomb (SR)      Potential Pressure (bar)
    1.56896e+03   -1.84407e+01   -1.52662e+03    1.92367e+02    0.00000e+00
    dVremain/dl
    0.00000e+00

           Step           Time         Lambda
             16       16.00000        0.00000

   Energies (kJ/mol)
           Bond          Angle    Proper Dih.  Improper Dih.          LJ-14
    5.27834e+00    4.81881e+00    1.20071e+02    4.96108e-01    3.58252e+01
     Coulomb-14        LJ (SR)   Coulomb (SR)      Potential Pressure (bar)
    1.56979e+03   -1.88018e+01   -1.52630e+03    1.91177e+02    0.00000e+00
    dVremain/dl
    0.00000e+00

           Step           Time         Lambda
             17       17.00000        0.00000

           Step           Time         Lambda
             18       18.00000        0.00000

   Energies (kJ/mol)
           Bond          Angle    Proper Dih.  Improper Dih.          LJ-14
    1.27924e+00    5.74091e+00    1.20019e+02    4.91988e-01    3.55340e+01
     Coulomb-14        LJ (SR)   Coulomb (SR)      Potential Pressure (bar)
    1.56895e+03   -1.90236e+01   -1.52700e+03    1.85989e+02    0.00000e+00
    dVremain/dl
    0.00000e+00

           Step           Time         Lambda
             19       19.00000        0.00000

           Step           Time         Lambda
             20       20.00000        0.00000

   Energies (kJ/mol)
           Bond          Angle    Proper Dih.  Improper Dih.          LJ-14
    1.63762e+00    4.97716e+00    1.20002e+02    4.89994e-01    3.53269e+01
     Coulomb-14        LJ (SR)   Coulomb (SR)      Potential Pressure (bar)
    1.56908e+03   -1.94236e+01   -1.52730e+03    1.84796e+02    0.00000e+00
    dVremain/dl
    0.00000e+00

           Step           Time         Lambda
             21       21.00000        0.00000

   Energies (kJ/mol)
           Bond          Angle    Proper Dih.  Improper Dih.          LJ-14
    2.33824e+00    5.87030e+00    1.19953e+02    4.95285e-01    3.49884e+01
     Coulomb-14        LJ (SR)   Coulomb (SR)      Potential Pressure (bar)
    1.56840e+03   -1.97765e+01   -1.52814e+03    1.84134e+02    0.00000e+00
    dVremain/dl
    0.00000e+00

           Step           Time         Lambda
             22       22.00000        0.00000

   Energies (kJ/mol)
           Bond          Angle    Proper Dih.  Improper Dih.          LJ-14
    1.86912e+00    4.89683e+00    1.19961e+02    5.01930e-01    3.49205e+01
     Coulomb-14        LJ (SR)   Coulomb (SR)      Potential Pressure (bar)
    1.56888e+03   -2.00164e+01   -1.52819e+03    1.82826e+02    0.00000e+00
    dVremain/dl
    0.00000e+00

           Step           Time         Lambda
             23       23.00000        0.00000

           Step           Time         Lambda
             24       24.00000        0.00000

   Energies (kJ/mol)
           Bond          Angle    Proper Dih.  Improper Dih.          LJ-14
    1.24309e+00    5.41574e+00    1.19931e+02    5.08378e-01    3.47263e+01
     Coulomb-14        LJ (SR)   Coulomb (SR)      Potential Pressure (bar)
    1.56847e+03   -2.01984e+01   -1.52873e+03    1.81360e+02    0.00000e+00
    dVremain/dl
    0.00000e+00

           Step           Time         Lambda
             25       25.00000        0.00000

   Energies (kJ/mol)
           Bond          Angle    Proper Dih.  Improper Dih.          LJ-14
    1.98382e+00    4.96284e+00    1.19921e+02    5.26323e-01    3.45014e+01
     Coulomb-14        LJ (SR)   Coulomb (SR)      Potential Pressure (bar)
    1.56877e+03   -2.06001e+01   -1.52926e+03    1.80798e+02    0.00000e+00
    dVremain/dl
    0.00000e+00

           Step           Time         Lambda
             26       26.00000        0.00000

   Energies (kJ/mol)
           Bond          Angle    Proper Dih.  Improper Dih.          LJ-14
    2.06029e+00    5.74539e+00    1.19879e+02    5.37530e-01    3.42581e+01
     Coulomb-14        LJ (SR)   Coulomb (SR)      Potential Pressure (bar)
    1.56823e+03   -2.08054e+01   -1.53001e+03    1.79896e+02    0.00000e+00
    dVremain/dl
    0.00000e+00

           Step           Time         Lambda
             27       27.00000        0.00000

   Energies (kJ/mol)
           Bond          Angle    Proper Dih.  Improper Dih.          LJ-14
    2.50096e+00    5.04639e+00    1.19888e+02    5.51194e-01    3.41848e+01
     Coulomb-14        LJ (SR)   Coulomb (SR)      Potential Pressure (bar)
    1.56883e+03   -2.10267e+01   -1.53017e+03    1.79809e+02    0.00000e+00
    dVremain/dl
    0.00000e+00

           Step           Time         Lambda
             28       28.00000        0.00000

           Step           Time         Lambda
             29       29.00000        0.00000

   Energies (kJ/mol)
           Bond          Angle    Proper Dih.  Improper Dih.          LJ-14
    1.16065e+00    5.45160e+00    1.19860e+02    5.58019e-01    3.40399e+01
     Coulomb-14        LJ (SR)   Coulomb (SR)      Potential Pressure (bar)
    1.56847e+03   -2.11305e+01   -1.53064e+03    1.77772e+02    0.00000e+00
    dVremain/dl
    0.00000e+00

           Step           Time         Lambda
             30       30.00000        0.00000

   Energies (kJ/mol)
           Bond          Angle    Proper Dih.  Improper Dih.          LJ-14
    2.18935e+00    5.52004e+00    1.19812e+02    6.18670e-01    3.34790e+01
     Coulomb-14        LJ (SR)   Coulomb (SR)      Potential Pressure (bar)
    1.56893e+03   -2.18852e+01   -1.53241e+03    1.76253e+02    0.00000e+00
    dVremain/dl
    0.00000e+00

           Step           Time         Lambda
             31       31.00000        0.00000

   Energies (kJ/mol)
           Bond          Angle    Proper Dih.  Improper Dih.          LJ-14
    2.20020e+00    6.21468e+00    1.19768e+02    6.30188e-01    3.32816e+01
     Coulomb-14        LJ (SR)   Coulomb (SR)      Potential Pressure (bar)
    1.56847e+03   -2.20085e+01   -1.53312e+03    1.75437e+02    0.00000e+00
    dVremain/dl
    0.00000e+00

           Step           Time         Lambda
             32       32.00000        0.00000

           Step           Time         Lambda
             33       33.00000        0.00000

   Energies (kJ/mol)
           Bond          Angle    Proper Dih.  Improper Dih.          LJ-14
    1.26632e+00    5.81770e+00    1.19771e+02    6.37609e-01    3.32609e+01
     Coulomb-14        LJ (SR)   Coulomb (SR)      Potential Pressure (bar)
    1.56884e+03   -2.20828e+01   -1.53320e+03    1.74312e+02    0.00000e+00
    dVremain/dl
    0.00000e+00

           Step           Time         Lambda
             34       34.00000        0.00000

           Step           Time         Lambda
             35       35.00000        0.00000

   Energies (kJ/mol)
           Bond          Angle    Proper Dih.  Improper Dih.          LJ-14
    1.61410e+00    6.19885e+00    1.19732e+02    6.56389e-01    3.30604e+01
     Coulomb-14        LJ (SR)   Coulomb (SR)      Potential Pressure (bar)
    1.56877e+03   -2.22639e+01   -1.53395e+03    1.73820e+02    0.00000e+00
    dVremain/dl
    0.00000e+00

           Step           Time         Lambda
             36       36.00000        0.00000

   Energies (kJ/mol)
           Bond          Angle    Proper Dih.  Improper Dih.          LJ-14
    1.33594e+00    5.98801e+00    1.19728e+02    6.66154e-01    3.30112e+01
     Coulomb-14        LJ (SR)   Coulomb (SR)      Potential Pressure (bar)
    1.56908e+03   -2.23503e+01   -1.53415e+03    1.73306e+02    0.00000e+00
    dVremain/dl
    0.00000e+00

           Step           Time         Lambda
             37       37.00000        0.00000

   Energies (kJ/mol)
           Bond          Angle    Proper Dih.  Improper Dih.          LJ-14
    1.98597e+00    6.49582e+00    1.19683e+02    6.86432e-01    3.27995e+01
     Coulomb-14        LJ (SR)   Coulomb (SR)      Potential Pressure (bar)
    1.56896e+03   -2.25239e+01   -1.53499e+03    1.73094e+02    0.00000e+00
    dVremain/dl
    0.00000e+00

           Step           Time         Lambda
             38       38.00000        0.00000

   Energies (kJ/mol)
           Bond          Angle    Proper Dih.  Improper Dih.          LJ-14
    1.46383e+00    6.15599e+00    1.19684e+02    6.96071e-01    3.27748e+01
     Coulomb-14        LJ (SR)   Coulomb (SR)      Potential Pressure (bar)
    1.56937e+03   -2.25988e+01   -1.53512e+03    1.72428e+02    0.00000e+00
    dVremain/dl
    0.00000e+00

           Step           Time         Lambda
             39       39.00000        0.00000

           Step           Time         Lambda
             40       40.00000        0.00000

   Energies (kJ/mol)
           Bond          Angle    Proper Dih.  Improper Dih.          LJ-14
    1.48556e+00    6.44254e+00    1.19659e+02    7.05885e-01    3.26683e+01
     Coulomb-14        LJ (SR)   Coulomb (SR)      Potential Pressure (bar)
    1.56925e+03   -2.26752e+01   -1.53556e+03    1.71982e+02    0.00000e+00
    dVremain/dl
    0.00000e+00

           Step           Time         Lambda
             41       41.00000        0.00000

   Energies (kJ/mol)
           Bond          Angle    Proper Dih.  Improper Dih.          LJ-14
    1.58417e+00    6.32321e+00    1.19643e+02    7.23703e-01    3.25746e+01
     Coulomb-14        LJ (SR)   Coulomb (SR)      Potential Pressure (bar)
    1.56965e+03   -2.28041e+01   -1.53600e+03    1.71694e+02    0.00000e+00
    dVremain/dl
    0.00000e+00

           Step           Time         Lambda
             42       42.00000        0.00000

   Energies (kJ/mol)
           Bond          Angle    Proper Dih.  Improper Dih.          LJ-14
    1.75275e+00    6.72657e+00    1.19611e+02    7.35276e-01    3.24480e+01
     Coulomb-14        LJ (SR)   Coulomb (SR)      Potential Pressure (bar)
    1.56947e+03   -2.28864e+01   -1.53654e+03    1.71311e+02    0.00000e+00
    dVremain/dl
    0.00000e+00

           Step           Time         Lambda
             43       43.00000        0.00000

   Energies (kJ/mol)
           Bond          Angle    Proper Dih.  Improper Dih.          LJ-14
    1.80449e+00    6.46782e+00    1.19606e+02    7.49602e-01    3.24054e+01
     Coulomb-14        LJ (SR)   Coulomb (SR)      Potential Pressure (bar)
    1.56995e+03   -2.29795e+01   -1.53680e+03    1.71197e+02    0.00000e+00
    dVremain/dl
    0.00000e+00

           Step           Time         Lambda
             44       44.00000        0.00000

   Energies (kJ/mol)
           Bond          Angle    Proper Dih.  Improper Dih.          LJ-14
    2.23280e+00    7.03316e+00    1.19566e+02    7.62240e-01    3.22581e+01
     Coulomb-14        LJ (SR)   Coulomb (SR)      Potential Pressure (bar)
    1.56965e+03   -2.30631e+01   -1.53745e+03    1.70991e+02    0.00000e+00
    dVremain/dl
    0.00000e+00

           Step           Time         Lambda
             45       45.00000        0.00000

           Step           Time         Lambda
             46       46.00000        0.00000

   Energies (kJ/mol)
           Bond          Angle    Proper Dih.  Improper Dih.          LJ-14
    1.44488e+00    6.74463e+00    1.19568e+02    7.68691e-01    3.22562e+01
     Coulomb-14        LJ (SR)   Coulomb (SR)      Potential Pressure (bar)
    1.56996e+03   -2.31013e+01   -1.53751e+03    1.70136e+02    0.00000e+00
    dVremain/dl
    0.00000e+00

           Step           Time         Lambda
             47       47.00000        0.00000

   Energies (kJ/mol)
           Bond          Angle    Proper Dih.  Improper Dih.          LJ-14
    2.07217e+00    7.33952e+00    1.19491e+02    8.16318e-01    3.19465e+01
     Coulomb-14        LJ (SR)   Coulomb (SR)      Potential Pressure (bar)
    1.57023e+03   -2.33796e+01   -1.53910e+03    1.69422e+02    0.00000e+00
    dVremain/dl
    0.00000e+00

           Step           Time         Lambda
             48       48.00000        0.00000

   Energies (kJ/mol)
           Bond          Angle    Proper Dih.  Improper Dih.          LJ-14
    1.83525e+00    7.02721e+00    1.19490e+02    8.27724e-01    3.19429e+01
     Coulomb-14        LJ (SR)   Coulomb (SR)      Potential Pressure (bar)
    1.57072e+03   -2.34366e+01   -1.53925e+03    1.69162e+02    0.00000e+00
    dVremain/dl
    0.00000e+00

           Step           Time         Lambda
             49       49.00000        0.00000

           Step           Time         Lambda
             50       50.00000        0.00000

   Energies (kJ/mol)
           Bond          Angle    Proper Dih.  Improper Dih.          LJ-14
    1.61257e+00    7.27761e+00    1.19469e+02    8.34665e-01    3.18730e+01
     Coulomb-14        LJ (SR)   Coulomb (SR)      Potential Pressure (bar)
    1.57058e+03   -2.34743e+01   -1.53959e+03    1.68581e+02    0.00000e+00
    dVremain/dl
    0.00000e+00

           Step           Time         Lambda
             51       51.00000        0.00000

   Energies (kJ/mol)
           Bond          Angle    Proper Dih.  Improper Dih.          LJ-14
    2.02571e+00    7.30217e+00    1.19428e+02    8.70091e-01    3.17428e+01
     Coulomb-14        LJ (SR)   Coulomb (SR)      Potential Pressure (bar)
    1.57122e+03   -2.36464e+01   -1.54053e+03    1.68408e+02    0.00000e+00
    dVremain/dl
    0.00000e+00

           Step           Time         Lambda
             52       52.00000        0.00000

   Energies (kJ/mol)
           Bond          Angle    Proper Dih.  Improper Dih.          LJ-14
    1.86103e+00    7.66491e+00    1.19400e+02    8.78403e-01    3.16552e+01
     Coulomb-14        LJ (SR)   Coulomb (SR)      Potential Pressure (bar)
    1.57100e+03   -2.36880e+01   -1.54097e+03    1.67795e+02    0.00000e+00
    dVremain/dl
    0.00000e+00

           Step           Time         Lambda
             53       53.00000        0.00000

           Step           Time         Lambda
             54       54.00000        0.00000

   Energies (kJ/mol)
           Bond          Angle    Proper Dih.  Improper Dih.          LJ-14
    1.67106e+00    7.52172e+00    1.19393e+02    8.87766e-01    3.16445e+01
     Coulomb-14        LJ (SR)   Coulomb (SR)      Potential Pressure (bar)
    1.57129e+03   -2.37291e+01   -1.54116e+03    1.67526e+02    0.00000e+00
    dVremain/dl
    0.00000e+00

           Step           Time         Lambda
             55       55.00000        0.00000

   Energies (kJ/mol)
           Bond          Angle    Proper Dih.  Improper Dih.          LJ-14
    2.08555e+00    7.90271e+00    1.19357e+02    9.03849e-01    3.15411e+01
     Coulomb-14        LJ (SR)   Coulomb (SR)      Potential Pressure (bar)
    1.57125e+03   -2.38030e+01   -1.54179e+03    1.67448e+02    0.00000e+00
    dVremain/dl
    0.00000e+00

           Step           Time         Lambda
             56       56.00000        0.00000

   Energies (kJ/mol)
           Bond          Angle    Proper Dih.  Improper Dih.          LJ-14
    1.77751e+00    7.66533e+00    1.19354e+02    9.13269e-01    3.15470e+01
     Coulomb-14        LJ (SR)   Coulomb (SR)      Potential Pressure (bar)
    1.57163e+03   -2.38412e+01   -1.54192e+03    1.67127e+02    0.00000e+00
    dVremain/dl
    0.00000e+00

           Step           Time         Lambda
             57       57.00000        0.00000

           Step           Time         Lambda
             58       58.00000        0.00000

   Energies (kJ/mol)
           Bond          Angle    Proper Dih.  Improper Dih.          LJ-14
    1.77142e+00    7.88253e+00    1.19334e+02    9.20787e-01    3.14918e+01
     Coulomb-14        LJ (SR)   Coulomb (SR)      Potential Pressure (bar)
    1.57156e+03   -2.38747e+01   -1.54225e+03    1.66831e+02    0.00000e+00
    dVremain/dl
    0.00000e+00

           Step           Time         Lambda
             59       59.00000        0.00000

   Energies (kJ/mol)
           Bond          Angle    Proper Dih.  Improper Dih.          LJ-14
    1.88264e+00    7.83911e+00    1.19311e+02    9.41167e-01    3.14480e+01
     Coulomb-14        LJ (SR)   Coulomb (SR)      Potential Pressure (bar)
    1.57199e+03   -2.39571e+01   -1.54277e+03    1.66690e+02    0.00000e+00
    dVremain/dl
    0.00000e+00

           Step           Time         Lambda
             60       60.00000        0.00000

   Energies (kJ/mol)
           Bond          Angle    Proper Dih.  Improper Dih.          LJ-14
    1.94265e+00    8.14328e+00    1.19285e+02    9.49834e-01    3.13797e+01
     Coulomb-14        LJ (SR)   Coulomb (SR)      Potential Pressure (bar)
    1.57186e+03   -2.39943e+01   -1.54318e+03    1.66390e+02    0.00000e+00
    dVremain/dl
    0.00000e+00

           Step           Time         Lambda
             61       61.00000        0.00000

           Step           Time         Lambda
             62       62.00000        0.00000

   Energies (kJ/mol)
           Bond          Angle    Proper Dih.  Improper Dih.          LJ-14
    1.75413e+00    8.03519e+00    1.19279e+02    9.57151e-01    3.13777e+01
     Coulomb-14        LJ (SR)   Coulomb (SR)      Potential Pressure (bar)
    1.57209e+03   -2.40220e+01   -1.54332e+03    1.66150e+02    0.00000e+00
    dVremain/dl
    0.00000e+00

           Step           Time         Lambda
             63       63.00000        0.00000

   Energies (kJ/mol)
           Bond          Angle    Proper Dih.  Improper Dih.          LJ-14
    2.11828e+00    8.39077e+00    1.19235e+02    9.78539e-01    3.12810e+01
     Coulomb-14        LJ (SR)   Coulomb (SR)      Potential Pressure (bar)
    1.57218e+03   -2.41068e+01   -1.54409e+03    1.65990e+02    0.00000e+00
    dVremain/dl
    0.00000e+00

           Step           Time         Lambda
             64       64.00000        0.00000

   Energies (kJ/mol)
           Bond          Angle    Proper Dih.  Improper Dih.          LJ-14
    1.81698e+00    8.21173e+00    1.19232e+02    9.86151e-01    3.12910e+01
     Coulomb-14        LJ (SR)   Coulomb (SR)      Potential Pressure (bar)
    1.57248e+03   -2.41334e+01   -1.54421e+03    1.65680e+02    0.00000e+00
    dVremain/dl
    0.00000e+00

           Step           Time         Lambda
             65       65.00000        0.00000

           Step           Time         Lambda
             66       66.00000        0.00000

   Energies (kJ/mol)
           Bond          Angle    Proper Dih.  Improper Dih.          LJ-14
    1.90398e+00    8.40554e+00    1.19210e+02    9.95056e-01    3.12452e+01
     Coulomb-14        LJ (SR)   Coulomb (SR)      Potential Pressure (bar)
    1.57247e+03   -2.41677e+01   -1.54456e+03    1.65505e+02    0.00000e+00
    dVremain/dl
    0.00000e+00

           Step           Time         Lambda
             67       67.00000        0.00000

   Energies (kJ/mol)
           Bond          Angle    Proper Dih.  Improper Dih.          LJ-14
    1.87238e+00    8.34413e+00    1.19195e+02    1.00759e+00    3.12340e+01
     Coulomb-14        LJ (SR)   Coulomb (SR)      Potential Pressure (bar)
    1.57277e+03   -2.42119e+01   -1.54486e+03    1.65353e+02    0.00000e+00
    dVremain/dl
    0.00000e+00

           Step           Time         Lambda
             68       68.00000        0.00000

   Energies (kJ/mol)
           Bond          Angle    Proper Dih.  Improper Dih.          LJ-14
    2.03149e+00    8.60518e+00    1.19169e+02    1.01734e+00    3.11792e+01
     Coulomb-14        LJ (SR)   Coulomb (SR)      Potential Pressure (bar)
    1.57272e+03   -2.42489e+01   -1.54527e+03    1.65199e+02    0.00000e+00
    dVremain/dl
    0.00000e+00

           Step           Time         Lambda
             69       69.00000        0.00000

   Energies (kJ/mol)
           Bond          Angle    Proper Dih.  Improper Dih.          LJ-14
    1.95675e+00    8.46339e+00    1.19160e+02    1.02827e+00    3.11861e+01
     Coulomb-14        LJ (SR)   Coulomb (SR)      Potential Pressure (bar)
    1.57307e+03   -2.42851e+01   -1.54549e+03    1.65089e+02    0.00000e+00
    dVremain/dl
    0.00000e+00

           Step           Time         Lambda
             70       70.00000        0.00000

   Energies (kJ/mol)
           Bond          Angle    Proper Dih.  Improper Dih.          LJ-14
    2.23984e+00    8.81653e+00    1.19129e+02    1.03837e+00    3.11199e+01
     Coulomb-14        LJ (SR)   Coulomb (SR)      Potential Pressure (bar)
    1.57295e+03   -2.43232e+01   -1.54596e+03    1.65002e+02    0.00000e+00
    dVremain/dl
    0.00000e+00

           Step           Time         Lambda
             71       71.00000        0.00000

   Energies (kJ/mol)
           Bond          Angle    Proper Dih.  Improper Dih.          LJ-14
    2.11015e+00    8.57126e+00    1.19124e+02    1.04860e+00    3.11465e+01
     Coulomb-14        LJ (SR)   Coulomb (SR)      Potential Pressure (bar)
    1.57339e+03   -2.43547e+01   -1.54611e+03    1.64928e+02    0.00000e+00
    dVremain/dl
    0.00000e+00

           Step           Time         Lambda
             72       72.00000        0.00000

           Step           Time         Lambda
             73       73.00000        0.00000

   Energies (kJ/mol)
           Bond          Angle    Proper Dih.  Improper Dih.          LJ-14
    1.93528e+00    8.77454e+00    1.19106e+02    1.05364e+00    3.11052e+01
     Coulomb-14        LJ (SR)   Coulomb (SR)      Potential Pressure (bar)
    1.57327e+03   -2.43739e+01   -1.54638e+03    1.64493e+02    0.00000e+00
    dVremain/dl
    0.00000e+00

           Step           Time         Lambda
             74       74.00000        0.00000

   Energies (kJ/mol)
           Bond          Angle    Proper Dih.  Improper Dih.          LJ-14
    2.14044e+00    8.86407e+00    1.19048e+02    1.08929e+00    3.10624e+01
     Coulomb-14        LJ (SR)   Coulomb (SR)      Potential Pressure (bar)
    1.57392e+03   -2.44894e+01   -1.54739e+03    1.64244e+02    0.00000e+00
    dVremain/dl
    0.00000e+00

           Step           Time         Lambda
             75       75.00000        0.00000

   Energies (kJ/mol)
           Bond          Angle    Proper Dih.  Improper Dih.          LJ-14
    2.22171e+00    9.18790e+00    1.19021e+02    1.09645e+00    3.10058e+01
     Coulomb-14        LJ (SR)   Coulomb (SR)      Potential Pressure (bar)
    1.57375e+03   -2.45157e+01   -1.54778e+03    1.63984e+02    0.00000e+00
    dVremain/dl
    0.00000e+00

           Step           Time         Lambda
             76       76.00000        0.00000

           Step           Time         Lambda
             77       77.00000        0.00000

   Energies (kJ/mol)
           Bond          Angle    Proper Dih.  Improper Dih.          LJ-14
    1.97462e+00    9.04984e+00    1.19016e+02    1.10245e+00    3.10221e+01
     Coulomb-14        LJ (SR)   Coulomb (SR)      Potential Pressure (bar)
    1.57399e+03   -2.45330e+01   -1.54788e+03    1.63742e+02    0.00000e+00
    dVremain/dl
    0.00000e+00

           Step           Time         Lambda
             78       78.00000        0.00000

   Energies (kJ/mol)
           Bond          Angle    Proper Dih.  Improper Dih.          LJ-14
    2.41209e+00    9.41539e+00    1.18968e+02    1.12117e+00    3.09613e+01
     Coulomb-14        LJ (SR)   Coulomb (SR)      Potential Pressure (bar)
    1.57406e+03   -2.45945e+01   -1.54861e+03    1.63731e+02    0.00000e+00
    dVremain/dl
    0.00000e+00

           Step           Time         Lambda
             79       79.00000        0.00000

   Energies (kJ/mol)
           Bond          Angle    Proper Dih.  Improper Dih.          LJ-14
    2.03214e+00    9.19810e+00    1.18965e+02    1.12756e+00    3.09903e+01
     Coulomb-14        LJ (SR)   Coulomb (SR)      Potential Pressure (bar)
    1.57438e+03   -2.46115e+01   -1.54868e+03    1.63400e+02    0.00000e+00
    dVremain/dl
    0.00000e+00

           Step           Time         Lambda
             80       80.00000        0.00000

           Step           Time         Lambda
             81       81.00000        0.00000

   Energies (kJ/mol)
           Bond          Angle    Proper Dih.  Improper Dih.          LJ-14
    2.12997e+00    9.39656e+00    1.18943e+02    1.13489e+00    3.09580e+01
     Coulomb-14        LJ (SR)   Coulomb (SR)      Potential Pressure (bar)
    1.57435e+03   -2.46357e+01   -1.54901e+03    1.63262e+02    0.00000e+00
    dVremain/dl
    0.00000e+00

           Step           Time         Lambda
             82       82.00000        0.00000

   Energies (kJ/mol)
           Bond          Angle    Proper Dih.  Improper Dih.          LJ-14
    2.08670e+00    9.30276e+00    1.18928e+02    1.14520e+00    3.09729e+01
     Coulomb-14        LJ (SR)   Coulomb (SR)      Potential Pressure (bar)
    1.57466e+03   -2.46649e+01   -1.54925e+03    1.63178e+02    0.00000e+00
    dVremain/dl
    0.00000e+00

           Step           Time         Lambda
             83       83.00000        0.00000

   Energies (kJ/mol)
           Bond          Angle    Proper Dih.  Improper Dih.          LJ-14
    2.26330e+00    9.57227e+00    1.18901e+02    1.15295e+00    3.09312e+01
     Coulomb-14        LJ (SR)   Coulomb (SR)      Potential Pressure (bar)
    1.57457e+03   -2.46909e+01   -1.54963e+03    1.63066e+02    0.00000e+00
    dVremain/dl
    0.00000e+00

           Step           Time         Lambda
             84       84.00000        0.00000

   Energies (kJ/mol)
           Bond          Angle    Proper Dih.  Improper Dih.          LJ-14
    2.18047e+00    9.39477e+00    1.18891e+02    1.16216e+00    3.09617e+01
     Coulomb-14        LJ (SR)   Coulomb (SR)      Potential Pressure (bar)
    1.57494e+03   -2.47154e+01   -1.54980e+03    1.63022e+02    0.00000e+00
    dVremain/dl
    0.00000e+00

           Step           Time         Lambda
             85       85.00000        0.00000

   Energies (kJ/mol)
           Bond          Angle    Proper Dih.  Improper Dih.          LJ-14
    2.49437e+00    9.76427e+00    1.18859e+02    1.16999e+00    3.09066e+01
     Coulomb-14        LJ (SR)   Coulomb (SR)      Potential Pressure (bar)
    1.57477e+03   -2.47423e+01   -1.55023e+03    1.62983e+02    0.00000e+00
    dVremain/dl
    0.00000e+00

           Step           Time         Lambda
             86       86.00000        0.00000

           Step           Time         Lambda
             87       87.00000        0.00000

   Energies (kJ/mol)
           Bond          Angle    Proper Dih.  Improper Dih.          LJ-14
    2.07432e+00    9.58681e+00    1.18856e+02    1.17433e+00    3.09315e+01
     Coulomb-14        LJ (SR)   Coulomb (SR)      Potential Pressure (bar)
    1.57501e+03   -2.47530e+01   -1.55028e+03    1.62597e+02    0.00000e+00
    dVremain/dl
    0.00000e+00

           Step           Time         Lambda
             88       88.00000        0.00000

   Energies (kJ/mol)
           Bond          Angle    Proper Dih.  Improper Dih.          LJ-14
    2.33754e+00    9.94217e+00    1.18779e+02    1.20478e+00    3.08906e+01
     Coulomb-14        LJ (SR)   Coulomb (SR)      Potential Pressure (bar)
    1.57534e+03   -2.48433e+01   -1.55138e+03    1.62268e+02    0.00000e+00
    dVremain/dl
    0.00000e+00

           Step           Time         Lambda
             89       89.00000        0.00000

   Energies (kJ/mol)
           Bond          Angle    Proper Dih.  Improper Dih.          LJ-14
    2.26570e+00    9.75446e+00    1.18767e+02    1.21351e+00    3.09284e+01
     Coulomb-14        LJ (SR)   Coulomb (SR)      Potential Pressure (bar)
    1.57572e+03   -2.48648e+01   -1.55153e+03    1.62259e+02    0.00000e+00
    dVremain/dl
    0.00000e+00

           Step           Time         Lambda
             90       90.00000        0.00000

   Energies (kJ/mol)
           Bond          Angle    Proper Dih.  Improper Dih.          LJ-14
    2.57276e+00    1.01257e+01    1.18736e+02    1.22024e+00    3.08763e+01
     Coulomb-14        LJ (SR)   Coulomb (SR)      Potential Pressure (bar)
    1.57552e+03   -2.48881e+01   -1.55195e+03    1.62215e+02    0.00000e+00
    dVremain/dl
    0.00000e+00

           Step           Time         Lambda
             91       91.00000        0.00000

           Step           Time         Lambda
             92       92.00000        0.00000

   Energies (kJ/mol)
           Bond          Angle    Proper Dih.  Improper Dih.          LJ-14
    2.13689e+00    9.93920e+00    1.18733e+02    1.22433e+00    3.09052e+01
     Coulomb-14        LJ (SR)   Coulomb (SR)      Potential Pressure (bar)
    1.57577e+03   -2.48973e+01   -1.55199e+03    1.61824e+02    0.00000e+00
    dVremain/dl
    0.00000e+00

           Step           Time         Lambda
             93       93.00000        0.00000

   Energies (kJ/mol)
           Bond          Angle    Proper Dih.  Improper Dih.          LJ-14
    2.56551e+00    1.03543e+01    1.18644e+02    1.25424e+00    3.08741e+01
     Coulomb-14        LJ (SR)   Coulomb (SR)      Potential Pressure (bar)
    1.57607e+03   -2.49839e+01   -1.55315e+03    1.61634e+02    0.00000e+00
    dVremain/dl
    0.00000e+00

           Step           Time         Lambda
             94       94.00000        0.00000

   Energies (kJ/mol)
           Bond          Angle    Proper Dih.  Improper Dih.          LJ-14
    2.24677e+00    1.01156e+01    1.18638e+02    1.26023e+00    3.09186e+01
     Coulomb-14        LJ (SR)   Coulomb (SR)      Potential Pressure (bar)
    1.57643e+03   -2.49969e+01   -1.55321e+03    1.61412e+02    0.00000e+00
    dVremain/dl
    0.00000e+00

           Step           Time         Lambda
             95       95.00000        0.00000

           Step           Time         Lambda
             96       96.00000        0.00000

   Energies (kJ/mol)
           Bond          Angle    Proper Dih.  Improper Dih.          LJ-14
    2.26105e+00    1.02991e+01    1.18618e+02    1.26436e+00    3.08935e+01
     Coulomb-14        LJ (SR)   Coulomb (SR)      Potential Pressure (bar)
    1.57634e+03   -2.50105e+01   -1.55345e+03    1.61215e+02    0.00000e+00
    dVremain/dl
    0.00000e+00

           Step           Time         Lambda
             97       97.00000        0.00000

           Step           Time         Lambda
             98       98.00000        0.00000

   Energies (kJ/mol)
           Bond          Angle    Proper Dih.  Improper Dih.          LJ-14
    2.19049e+00    1.02457e+01    1.18604e+02    1.27034e+00    3.09111e+01
     Coulomb-14        LJ (SR)   Coulomb (SR)      Potential Pressure (bar)
    1.57654e+03   -2.50258e+01   -1.55362e+03    1.61114e+02    0.00000e+00
    dVremain/dl
    0.00000e+00

           Step           Time         Lambda
             99       99.00000        0.00000

   Energies (kJ/mol)
           Bond          Angle    Proper Dih.  Improper Dih.          LJ-14
    2.32783e+00    1.04246e+01    1.18575e+02    1.27812e+00    3.08955e+01
     Coulomb-14        LJ (SR)   Coulomb (SR)      Potential Pressure (bar)
    1.57655e+03   -2.50488e+01   -1.55398e+03    1.61024e+02    0.00000e+00
    dVremain/dl
    0.00000e+00

           Step           Time         Lambda
            100      100.00000        0.00000

   Energies (kJ/mol)
           Bond          Angle    Proper Dih.  Improper Dih.          LJ-14
    2.21348e+00    1.03258e+01    1.18562e+02    1.28390e+00    3.09210e+01
     Coulomb-14        LJ (SR)   Coulomb (SR)      Potential Pressure (bar)
    1.57678e+03   -2.50629e+01   -1.55411e+03    1.60915e+02    0.00000e+00
    dVremain/dl
    0.00000e+00

           Step           Time         Lambda
            101      101.00000        0.00000

   Energies (kJ/mol)
           Bond          Angle    Proper Dih.  Improper Dih.          LJ-14
    2.43199e+00    1.05578e+01    1.18531e+02    1.29131e+00    3.08981e+01
     Coulomb-14        LJ (SR)   Coulomb (SR)      Potential Pressure (bar)
    1.57674e+03   -2.50856e+01   -1.55449e+03    1.60874e+02    0.00000e+00
    dVremain/dl
    0.00000e+00

           Step           Time         Lambda
            102      102.00000        0.00000

   Energies (kJ/mol)
           Bond          Angle    Proper Dih.  Improper Dih.          LJ-14
    2.25534e+00    1.03958e+01    1.18520e+02    1.29710e+00    3.09347e+01
     Coulomb-14        LJ (SR)   Coulomb (SR)      Potential Pressure (bar)
    1.57704e+03   -2.50987e+01   -1.55459e+03    1.60750e+02    0.00000e+00
    dVremain/dl
    0.00000e+00

           Step           Time         Lambda
            103      103.00000        0.00000

           Step           Time         Lambda
            104      104.00000        0.00000

   Energies (kJ/mol)
           Bond          Angle    Proper Dih.  Improper Dih.          LJ-14
    2.26678e+00    1.05352e+01    1.18503e+02    1.30052e+00    3.09177e+01
     Coulomb-14        LJ (SR)   Coulomb (SR)      Potential Pressure (bar)
    1.57698e+03   -2.51098e+01   -1.55480e+03    1.60594e+02    0.00000e+00
    dVremain/dl
    0.00000e+00

           Step           Time         Lambda
            105      105.00000        0.00000

   Energies (kJ/mol)
           Bond          Angle    Proper Dih.  Improper Dih.          LJ-14
    2.29736e+00    1.05044e+01    1.18463e+02    1.31409e+00    3.09522e+01
     Coulomb-14        LJ (SR)   Coulomb (SR)      Potential Pressure (bar)
    1.57735e+03   -2.51448e+01   -1.55523e+03    1.60504e+02    0.00000e+00
    dVremain/dl
    0.00000e+00

           Step           Time         Lambda
            106      106.00000        0.00000

   Energies (kJ/mol)
           Bond          Angle    Proper Dih.  Improper Dih.          LJ-14
    2.35171e+00    1.07009e+01    1.18441e+02    1.31795e+00    3.09278e+01
     Coulomb-14        LJ (SR)   Coulomb (SR)      Potential Pressure (bar)
    1.57725e+03   -2.51579e+01   -1.55549e+03    1.60337e+02    0.00000e+00
    dVremain/dl
    0.00000e+00

           Step           Time         Lambda
            107      107.00000        0.00000

           Step           Time         Lambda
            108      108.00000        0.00000

   Energies (kJ/mol)
           Bond          Angle    Proper Dih.  Improper Dih.          LJ-14
    2.24383e+00    1.06261e+01    1.18430e+02    1.32228e+00    3.09494e+01
     Coulomb-14        LJ (SR)   Coulomb (SR)      Potential Pressure (bar)
    1.57742e+03   -2.51684e+01   -1.55560e+03    1.60229e+02    0.00000e+00
    dVremain/dl
    0.00000e+00

           Step           Time         Lambda
            109      109.00000        0.00000

   Energies (kJ/mol)
           Bond          Angle    Proper Dih.  Improper Dih.          LJ-14
    2.42785e+00    1.08250e+01    1.18392e+02    1.33100e+00    3.09392e+01
     Coulomb-14        LJ (SR)   Coulomb (SR)      Potential Pressure (bar)
    1.57746e+03   -2.51943e+01   -1.55603e+03    1.60152e+02    0.00000e+00
    dVremain/dl
    0.00000e+00

           Step           Time         Lambda
            110      110.00000        0.00000

   Energies (kJ/mol)
           Bond          Angle    Proper Dih.  Improper Dih.          LJ-14
    2.26221e+00    1.07035e+01    1.18381e+02    1.33549e+00    3.09693e+01
     Coulomb-14        LJ (SR)   Coulomb (SR)      Potential Pressure (bar)
    1.57769e+03   -2.52045e+01   -1.55612e+03    1.60018e+02    0.00000e+00
    dVremain/dl
    0.00000e+00

           Step           Time         Lambda
            111      111.00000        0.00000

           Step           Time         Lambda
            112      112.00000        0.00000

   Energies (kJ/mol)
           Bond          Angle    Proper Dih.  Improper Dih.          LJ-14
    2.31273e+00    1.08202e+01    1.18362e+02    1.33923e+00    3.09597e+01
     Coulomb-14        LJ (SR)   Coulomb (SR)      Potential Pressure (bar)
    1.57767e+03   -2.52161e+01   -1.55632e+03    1.59919e+02    0.00000e+00
    dVremain/dl
    0.00000e+00

           Step           Time         Lambda
            113      113.00000        0.00000

   Energies (kJ/mol)
           Bond          Angle    Proper Dih.  Improper Dih.          LJ-14
    2.28144e+00    1.07769e+01    1.18336e+02    1.34712e+00    3.09885e+01
     Coulomb-14        LJ (SR)   Coulomb (SR)      Potential Pressure (bar)
    1.57791e+03   -2.52364e+01   -1.55658e+03    1.59826e+02    0.00000e+00
    dVremain/dl
    0.00000e+00

           Step           Time         Lambda
            114      114.00000        0.00000

   Energies (kJ/mol)
           Bond          Angle    Proper Dih.  Improper Dih.          LJ-14
    2.37301e+00    1.09373e+01    1.18313e+02    1.35124e+00    3.09737e+01
     Coulomb-14        LJ (SR)   Coulomb (SR)      Potential Pressure (bar)
    1.57786e+03   -2.52497e+01   -1.55683e+03    1.59727e+02    0.00000e+00
    dVremain/dl
    0.00000e+00

           Step           Time         Lambda
            115      115.00000        0.00000

   Energies (kJ/mol)
           Bond          Angle    Proper Dih.  Improper Dih.          LJ-14
    2.31303e+00    1.08356e+01    1.18293e+02    1.35764e+00    3.10095e+01
     Coulomb-14        LJ (SR)   Coulomb (SR)      Potential Pressure (bar)
    1.57814e+03   -2.52651e+01   -1.55701e+03    1.59674e+02    0.00000e+00
    dVremain/dl
    0.00000e+00

           Step           Time         Lambda
            116      116.00000        0.00000

   Energies (kJ/mol)
           Bond          Angle    Proper Dih.  Improper Dih.          LJ-14
    2.47197e+00    1.10562e+01    1.18267e+02    1.36186e+00    3.09864e+01
     Coulomb-14        LJ (SR)   Coulomb (SR)      Potential Pressure (bar)
    1.57803e+03   -2.52796e+01   -1.55730e+03    1.59592e+02    0.00000e+00
    dVremain/dl
    0.00000e+00

           Step           Time         Lambda
            117      117.00000        0.00000

   Energies (kJ/mol)
           Bond          Angle    Proper Dih.  Improper Dih.          LJ-14
    2.37614e+00    1.08838e+01    1.18251e+02    1.36775e+00    3.10336e+01
     Coulomb-14        LJ (SR)   Coulomb (SR)      Potential Pressure (bar)
    1.57836e+03   -2.52927e+01   -1.55741e+03    1.59571e+02    0.00000e+00
    dVremain/dl
    0.00000e+00

           Step           Time         Lambda
            118      118.00000        0.00000

   Energies (kJ/mol)
           Bond          Angle    Proper Dih.  Improper Dih.          LJ-14
    2.64965e+00    1.11901e+01    1.18221e+02    1.37180e+00    3.09976e+01
     Coulomb-14        LJ (SR)   Coulomb (SR)      Potential Pressure (bar)
    1.57818e+03   -2.53081e+01   -1.55776e+03    1.59540e+02    0.00000e+00
    dVremain/dl
    0.00000e+00

           Step           Time         Lambda
            119      119.00000        0.00000

           Step           Time         Lambda
            120      120.00000        0.00000

   Energies (kJ/mol)
           Bond          Angle    Proper Dih.  Improper Dih.          LJ-14
    2.29591e+00    1.10295e+01    1.18215e+02    1.37465e+00    3.10295e+01
     Coulomb-14        LJ (SR)   Coulomb (SR)      Potential Pressure (bar)
    1.57839e+03   -2.53137e+01   -1.55778e+03    1.59240e+02    0.00000e+00
    dVremain/dl
    0.00000e+00

           Step           Time         Lambda
            121      121.00000        0.00000

   Energies (kJ/mol)
           Bond          Angle    Proper Dih.  Improper Dih.          LJ-14
    2.60307e+00    1.13335e+01    1.18119e+02    1.39408e+00    3.10485e+01
     Coulomb-14        LJ (SR)   Coulomb (SR)      Potential Pressure (bar)
    1.57864e+03   -2.53707e+01   -1.55873e+03    1.59038e+02    0.00000e+00
    dVremain/dl
    0.00000e+00

           Step           Time         Lambda
            122      122.00000        0.00000

   Energies (kJ/mol)
           Bond          Angle    Proper Dih.  Improper Dih.          LJ-14
    2.36209e+00    1.11302e+01    1.18108e+02    1.39843e+00    3.10969e+01
     Coulomb-14        LJ (SR)   Coulomb (SR)      Potential Pressure (bar)
    1.57896e+03   -2.53794e+01   -1.55877e+03    1.58898e+02    0.00000e+00
    dVremain/dl
    0.00000e+00

           Step           Time         Lambda
            123      123.00000        0.00000

           Step           Time         Lambda
            124      124.00000        0.00000

   Energies (kJ/mol)
           Bond          Angle    Proper Dih.  Improper Dih.          LJ-14
    2.37149e+00    1.12774e+01    1.18090e+02    1.40070e+00    3.10801e+01
     Coulomb-14        LJ (SR)   Coulomb (SR)      Potential Pressure (bar)
    1.57886e+03   -2.53881e+01   -1.55897e+03    1.58726e+02    0.00000e+00
    dVremain/dl
    0.00000e+00

           Step           Time         Lambda
            125      125.00000        0.00000

   Energies (kJ/mol)
           Bond          Angle    Proper Dih.  Improper Dih.          LJ-14
    2.40927e+00    1.11994e+01    1.18049e+02    1.41000e+00    3.11318e+01
     Coulomb-14        LJ (SR)   Coulomb (SR)      Potential Pressure (bar)
    1.57922e+03   -2.54119e+01   -1.55929e+03    1.58716e+02    0.00000e+00
    dVremain/dl
    0.00000e+00

           Step           Time         Lambda
            126      126.00000        0.00000

   Energies (kJ/mol)
           Bond          Angle    Proper Dih.  Improper Dih.          LJ-14
    2.46094e+00    1.14083e+01    1.18027e+02    1.41242e+00    3.11060e+01
     Coulomb-14        LJ (SR)   Coulomb (SR)      Potential Pressure (bar)
    1.57907e+03   -2.54221e+01   -1.55954e+03    1.58527e+02    0.00000e+00
    dVremain/dl
    0.00000e+00

           Step           Time         Lambda
            127      127.00000        0.00000

           Step           Time         Lambda
            128      128.00000        0.00000

   Energies (kJ/mol)
           Bond          Angle    Proper Dih.  Improper Dih.          LJ-14
    2.32423e+00    1.13104e+01    1.18014e+02    1.41566e+00    3.11351e+01
     Coulomb-14        LJ (SR)   Coulomb (SR)      Potential Pressure (bar)
    1.57926e+03   -2.54297e+01   -1.55961e+03    1.58414e+02    0.00000e+00
    dVremain/dl
    0.00000e+00

           Step           Time         Lambda
            129      129.00000        0.00000

   Energies (kJ/mol)
           Bond          Angle    Proper Dih.  Improper Dih.          LJ-14
    2.54398e+00    1.15088e+01    1.17975e+02    1.42137e+00    3.11293e+01
     Coulomb-14        LJ (SR)   Coulomb (SR)      Potential Pressure (bar)
    1.57924e+03   -2.54490e+01   -1.55999e+03    1.58381e+02    0.00000e+00
    dVremain/dl
    0.00000e+00

           Step           Time         Lambda
            130      130.00000        0.00000

   Energies (kJ/mol)
           Bond          Angle    Proper Dih.  Improper Dih.          LJ-14
    2.34158e+00    1.13581e+01    1.17963e+02    1.42485e+00    3.11684e+01
     Coulomb-14        LJ (SR)   Coulomb (SR)      Potential Pressure (bar)
    1.57949e+03   -2.54565e+01   -1.56005e+03    1.58241e+02    0.00000e+00
    dVremain/dl
    0.00000e+00

           Step           Time         Lambda
            131      131.00000        0.00000

           Step           Time         Lambda
            132      132.00000        0.00000

   Energies (kJ/mol)
           Bond          Angle    Proper Dih.  Improper Dih.          LJ-14
    2.39013e+00    1.14768e+01    1.17944e+02    1.42722e+00    3.11593e+01
     Coulomb-14        LJ (SR)   Coulomb (SR)      Potential Pressure (bar)
    1.57944e+03   -2.54651e+01   -1.56023e+03    1.58137e+02    0.00000e+00
    dVremain/dl
    0.00000e+00

           Step           Time         Lambda
            133      133.00000        0.00000

   Energies (kJ/mol)
           Bond          Angle    Proper Dih.  Improper Dih.          LJ-14
    2.36194e+00    1.14099e+01    1.17913e+02    1.43344e+00    3.12002e+01
     Coulomb-14        LJ (SR)   Coulomb (SR)      Potential Pressure (bar)
    1.57969e+03   -2.54816e+01   -1.56046e+03    1.58073e+02    0.00000e+00
    dVremain/dl
    0.00000e+00

           Step           Time         Lambda
            134      134.00000        0.00000

   Energies (kJ/mol)
           Bond          Angle    Proper Dih.  Improper Dih.          LJ-14
    2.45314e+00    1.15757e+01    1.17890e+02    1.43592e+00    3.11848e+01
     Coulomb-14        LJ (SR)   Coulomb (SR)      Potential Pressure (bar)
    1.57960e+03   -2.54917e+01   -1.56069e+03    1.57964e+02    0.00000e+00
    dVremain/dl
    0.00000e+00

           Step           Time         Lambda
            135      135.00000        0.00000

   Energies (kJ/mol)
           Bond          Angle    Proper Dih.  Improper Dih.          LJ-14
    2.40269e+00    1.14470e+01    1.17867e+02    1.44097e+00    3.12321e+01
     Coulomb-14        LJ (SR)   Coulomb (SR)      Potential Pressure (bar)
    1.57989e+03   -2.55039e+01   -1.56082e+03    1.57955e+02    0.00000e+00
    dVremain/dl
    0.00000e+00

           Step           Time         Lambda
            136      136.00000        0.00000

   Energies (kJ/mol)
           Bond          Angle    Proper Dih.  Improper Dih.          LJ-14
    2.56477e+00    1.16794e+01    1.17840e+02    1.44337e+00    3.12065e+01
     Coulomb-14        LJ (SR)   Coulomb (SR)      Potential Pressure (bar)
    1.57974e+03   -2.55150e+01   -1.56110e+03    1.57859e+02    0.00000e+00
    dVremain/dl
    0.00000e+00

           Step           Time         Lambda
            137      137.00000        0.00000

           Step           Time         Lambda
            138      138.00000        0.00000

   Energies (kJ/mol)
           Bond          Angle    Proper Dih.  Improper Dih.          LJ-14
    2.34492e+00    1.15595e+01    1.17831e+02    1.44570e+00    3.12363e+01
     Coulomb-14        LJ (SR)   Coulomb (SR)      Potential Pressure (bar)
    1.57992e+03   -2.55201e+01   -1.56113e+03    1.57683e+02    0.00000e+00
    dVremain/dl
    0.00000e+00

           Step           Time         Lambda
            139      139.00000        0.00000

   Energies (kJ/mol)
           Bond          Angle    Proper Dih.  Improper Dih.          LJ-14
    2.67096e+00    1.18099e+01    1.17757e+02    1.45549e+00    3.12512e+01
     Coulomb-14        LJ (SR)   Coulomb (SR)      Potential Pressure (bar)
    1.58000e+03   -2.55535e+01   -1.56177e+03    1.57625e+02    0.00000e+00
    dVremain/dl
    0.00000e+00

           Step           Time         Lambda
            140      140.00000        0.00000

   Energies (kJ/mol)
           Bond          Angle    Proper Dih.  Improper Dih.          LJ-14
    2.35245e+00    1.16321e+01    1.17747e+02    1.45816e+00    3.12924e+01
     Coulomb-14        LJ (SR)   Coulomb (SR)      Potential Pressure (bar)
    1.58025e+03   -2.55587e+01   -1.56178e+03    1.57388e+02    0.00000e+00
    dVremain/dl
    0.00000e+00

           Step           Time         Lambda
            141      141.00000        0.00000

           Step           Time         Lambda
            142      142.00000        0.00000

   Energies (kJ/mol)
           Bond          Angle    Proper Dih.  Improper Dih.          LJ-14
    2.45781e+00    1.17664e+01    1.17721e+02    1.46093e+00    3.12869e+01
     Coulomb-14        LJ (SR)   Coulomb (SR)      Potential Pressure (bar)
    1.58021e+03   -2.55695e+01   -1.56201e+03    1.57314e+02    0.00000e+00
    dVremain/dl
    0.00000e+00

           Step           Time         Lambda
            143      143.00000        0.00000

   Energies (kJ/mol)
           Bond          Angle    Proper Dih.  Improper Dih.          LJ-14
    2.36638e+00    1.16655e+01    1.17702e+02    1.46451e+00    3.13244e+01
     Coulomb-14        LJ (SR)   Coulomb (SR)      Potential Pressure (bar)
    1.58042e+03   -2.55786e+01   -1.56212e+03    1.57246e+02    0.00000e+00
    dVremain/dl
    0.00000e+00

           Step           Time         Lambda
            144      144.00000        0.00000

   Energies (kJ/mol)
           Bond          Angle    Proper Dih.  Improper Dih.          LJ-14
    2.53532e+00    1.18493e+01    1.17673e+02    1.46711e+00    3.13111e+01
     Coulomb-14        LJ (SR)   Coulomb (SR)      Potential Pressure (bar)
    1.58033e+03   -2.55900e+01   -1.56238e+03    1.57194e+02    0.00000e+00
    dVremain/dl
    0.00000e+00

           Step           Time         Lambda
            145      145.00000        0.00000

   Energies (kJ/mol)
           Bond          Angle    Proper Dih.  Improper Dih.          LJ-14
    2.40127e+00    1.16910e+01    1.17656e+02    1.47070e+00    3.13589e+01
     Coulomb-14        LJ (SR)   Coulomb (SR)      Potential Pressure (bar)
    1.58061e+03   -2.55982e+01   -1.56245e+03    1.57138e+02    0.00000e+00
    dVremain/dl
    0.00000e+00

           Step           Time         Lambda
            146      146.00000        0.00000

   Energies (kJ/mol)
           Bond          Angle    Proper Dih.  Improper Dih.          LJ-14
    2.67442e+00    1.19464e+01    1.17625e+02    1.47296e+00    3.13336e+01
     Coulomb-14        LJ (SR)   Coulomb (SR)      Potential Pressure (bar)
    1.58044e+03   -2.56101e+01   -1.56275e+03    1.57133e+02    0.00000e+00
    dVremain/dl
    0.00000e+00

           Step           Time         Lambda
            147      147.00000        0.00000

   Energies (kJ/mol)
           Bond          Angle    Proper Dih.  Improper Dih.          LJ-14
    2.48680e+00    1.17077e+01    1.17610e+02    1.47668e+00    3.13965e+01
     Coulomb-14        LJ (SR)   Coulomb (SR)      Potential Pressure (bar)
    1.58081e+03   -2.56174e+01   -1.56277e+03    1.57098e+02    0.00000e+00
    dVremain/dl
    0.00000e+00

           Step           Time         Lambda
            148      148.00000        0.00000

           Step           Time         Lambda
            149      149.00000        0.00000

   Energies (kJ/mol)
           Bond          Angle    Proper Dih.  Improper Dih.          LJ-14
    2.39874e+00    1.18589e+01    1.17593e+02    1.47758e+00    3.13748e+01
     Coulomb-14        LJ (SR)   Coulomb (SR)      Potential Pressure (bar)
    1.58067e+03   -2.56236e+01   -1.56295e+03    1.56803e+02    0.00000e+00
    dVremain/dl
    0.00000e+00

           Step           Time         Lambda
            150      150.00000        0.00000

           Step           Time         Lambda
            151      151.00000        0.00000

   Energies (kJ/mol)
           Bond          Angle    Proper Dih.  Improper Dih.          LJ-14
    2.37576e+00    1.18175e+01    1.17550e+02    1.48344e+00    3.14214e+01
     Coulomb-14        LJ (SR)   Coulomb (SR)      Potential Pressure (bar)
    1.58092e+03   -2.56416e+01   -1.56323e+03    1.56695e+02    0.00000e+00
    dVremain/dl
    0.00000e+00

           Step           Time         Lambda
            152      152.00000        0.00000

   Energies (kJ/mol)
           Bond          Angle    Proper Dih.  Improper Dih.          LJ-14
    2.44320e+00    1.19465e+01    1.17529e+02    1.48502e+00    3.14114e+01
     Coulomb-14        LJ (SR)   Coulomb (SR)      Potential Pressure (bar)
    1.58084e+03   -2.56495e+01   -1.56342e+03    1.56593e+02    0.00000e+00
    dVremain/dl
    0.00000e+00

           Step           Time         Lambda
            153      153.00000        0.00000

   Energies (kJ/mol)
           Bond          Angle    Proper Dih.  Improper Dih.          LJ-14
    2.39881e+00    1.18479e+01    1.17500e+02    1.48910e+00    3.14576e+01
     Coulomb-14        LJ (SR)   Coulomb (SR)      Potential Pressure (bar)
    1.58110e+03   -2.56611e+01   -1.56357e+03    1.56560e+02    0.00000e+00
    dVremain/dl
    0.00000e+00

           Step           Time         Lambda
            154      154.00000        0.00000

   Energies (kJ/mol)
           Bond          Angle    Proper Dih.  Improper Dih.          LJ-14
    2.51748e+00    1.20289e+01    1.17476e+02    1.49062e+00    3.14397e+01
     Coulomb-14        LJ (SR)   Coulomb (SR)      Potential Pressure (bar)
    1.58097e+03   -2.56700e+01   -1.56379e+03    1.56458e+02    0.00000e+00
    dVremain/dl
    0.00000e+00

           Step           Time         Lambda
            155      155.00000        0.00000

           Step           Time         Lambda
            156      156.00000        0.00000

   Energies (kJ/mol)
           Bond          Angle    Proper Dih.  Improper Dih.          LJ-14
    2.36706e+00    1.19374e+01    1.17465e+02    1.49245e+00    3.14671e+01
     Coulomb-14        LJ (SR)   Coulomb (SR)      Potential Pressure (bar)
    1.58112e+03   -2.56746e+01   -1.56384e+03    1.56339e+02    0.00000e+00
    dVremain/dl
    0.00000e+00

           Step           Time         Lambda
            157      157.00000        0.00000

   Energies (kJ/mol)
           Bond          Angle    Proper Dih.  Improper Dih.          LJ-14
    2.58276e+00    1.21168e+01    1.17404e+02    1.49789e+00    3.14828e+01
     Coulomb-14        LJ (SR)   Coulomb (SR)      Potential Pressure (bar)
    1.58116e+03   -2.56973e+01   -1.56429e+03    1.56254e+02    0.00000e+00
    dVremain/dl
    0.00000e+00

           Step           Time         Lambda
            158      158.00000        0.00000

   Energies (kJ/mol)
           Bond          Angle    Proper Dih.  Improper Dih.          LJ-14
    2.36798e+00    1.19811e+01    1.17392e+02    1.49999e+00    3.15197e+01
     Coulomb-14        LJ (SR)   Coulomb (SR)      Potential Pressure (bar)
    1.58137e+03   -2.57021e+01   -1.56432e+03    1.56101e+02    0.00000e+00
    dVremain/dl
    0.00000e+00

           Step           Time         Lambda
            159      159.00000        0.00000

           Step           Time         Lambda
            160      160.00000        0.00000

   Energies (kJ/mol)
           Bond          Angle    Proper Dih.  Improper Dih.          LJ-14
    2.44070e+00    1.20835e+01    1.17369e+02    1.50168e+00    3.15174e+01
     Coulomb-14        LJ (SR)   Coulomb (SR)      Potential Pressure (bar)
    1.58133e+03   -2.57103e+01   -1.56451e+03    1.56024e+02    0.00000e+00
    dVremain/dl
    0.00000e+00

           Step           Time         Lambda
            161      161.00000        0.00000

   Energies (kJ/mol)
           Bond          Angle    Proper Dih.  Improper Dih.          LJ-14
    2.37503e+00    1.20079e+01    1.17345e+02    1.50466e+00    3.15542e+01
     Coulomb-14        LJ (SR)   Coulomb (SR)      Potential Pressure (bar)
    1.58152e+03   -2.57194e+01   -1.56463e+03    1.55957e+02    0.00000e+00
    dVremain/dl
    0.00000e+00

           Step           Time         Lambda
            162      162.00000        0.00000

   Energies (kJ/mol)
           Bond          Angle    Proper Dih.  Improper Dih.          LJ-14
    2.49171e+00    1.21494e+01    1.17319e+02    1.50626e+00    3.15461e+01
     Coulomb-14        LJ (SR)   Coulomb (SR)      Potential Pressure (bar)
    1.58144e+03   -2.57284e+01   -1.56484e+03    1.55884e+02    0.00000e+00
    dVremain/dl
    0.00000e+00

           Step           Time         Lambda
            163      163.00000        0.00000

   Energies (kJ/mol)
           Bond          Angle    Proper Dih.  Improper Dih.          LJ-14
    2.39513e+00    1.20276e+01    1.17297e+02    1.50909e+00    3.15903e+01
     Coulomb-14        LJ (SR)   Coulomb (SR)      Potential Pressure (bar)
    1.58168e+03   -2.57362e+01   -1.56493e+03    1.55837e+02    0.00000e+00
    dVremain/dl
    0.00000e+00

           Step           Time         Lambda
            164      164.00000        0.00000

   Energies (kJ/mol)
           Bond          Angle    Proper Dih.  Improper Dih.          LJ-14
    2.58259e+00    1.22249e+01    1.17270e+02    1.51046e+00    3.15727e+01
     Coulomb-14        LJ (SR)   Coulomb (SR)      Potential Pressure (bar)
    1.58154e+03   -2.57458e+01   -1.56517e+03    1.55785e+02    0.00000e+00
    dVremain/dl
    0.00000e+00

           Step           Time         Lambda
            165      165.00000        0.00000

   Energies (kJ/mol)
           Bond          Angle    Proper Dih.  Improper Dih.          LJ-14
    2.44720e+00    1.20395e+01    1.17250e+02    1.51340e+00    3.16289e+01
     Coulomb-14        LJ (SR)   Coulomb (SR)      Potential Pressure (bar)
    1.58185e+03   -2.57528e+01   -1.56522e+03    1.55762e+02    0.00000e+00
    dVremain/dl
    0.00000e+00

           Step           Time         Lambda
            166      166.00000        0.00000

   Energies (kJ/mol)
           Bond          Angle    Proper Dih.  Improper Dih.          LJ-14
    2.75111e+00    1.23176e+01    1.17220e+02    1.51441e+00    3.15970e+01
     Coulomb-14        LJ (SR)   Coulomb (SR)      Potential Pressure (bar)
    1.58163e+03   -2.57630e+01   -1.56550e+03    1.55758e+02    0.00000e+00
    dVremain/dl
    0.00000e+00

           Step           Time         Lambda
            167      167.00000        0.00000

           Step           Time         Lambda
            168      168.00000        0.00000

   Energies (kJ/mol)
           Bond          Angle    Proper Dih.  Improper Dih.          LJ-14
    2.37735e+00    1.21539e+01    1.17212e+02    1.51596e+00    3.16337e+01
     Coulomb-14        LJ (SR)   Coulomb (SR)      Potential Pressure (bar)
    1.58183e+03   -2.57660e+01   -1.56550e+03    1.55460e+02    0.00000e+00
    dVremain/dl
    0.00000e+00


Steepest Descents converged to Fmax < 100 in 169 steps
Potential Energy  =  1.5545996e+02
Maximum force     =  8.9216309e+01 on atom 44
Norm of force     =  3.4813221e+01

	M E G A - F L O P S   A C C O U N T I N G

 NB=Group-cutoff nonbonded kernels    NxN=N-by-N cluster Verlet kernels
 RF=Reaction-Field  VdW=Van der Waals  QSTab=quadratic-spline table
 W3=SPC/TIP3p  W4=TIP4p (single or pairs)
 V&F=Potential and force  V=Potential only  F=Force only

 Computing:                               M-Number         M-Flops  % Flops
-----------------------------------------------------------------------------
 NB VdW & Elec. [V&F]                     7.543653           7.544    42.1
 1,4 nonbonded interactions               0.020956           1.886    10.5
 NS-Pairs                                 0.001431           0.030     0.2
 CG-CoM                                   0.000053           0.000     0.0
 Bonds                                    0.008788           0.518     2.9
 Angles                                   0.015717           2.640    14.7
 Propers                                  0.020449           4.683    26.1
 Impropers                                0.001521           0.316     1.8
 Virial                                   0.016562           0.298     1.7
-----------------------------------------------------------------------------
 Total                                                      17.916   100.0
-----------------------------------------------------------------------------


     R E A L   C Y C L E   A N D   T I M E   A C C O U N T I N G

 Computing:         Nodes   Th.     Count  Wall t (s)     G-Cycles       %
-----------------------------------------------------------------------------
 Neighbor search        1    1          1       0.000        0.001     0.7
 Force                  1    1        169       0.015        0.062    38.7
 Rest                   1                       0.023        0.097    60.6
-----------------------------------------------------------------------------
 Total                  1                       0.038        0.160   100.0
-----------------------------------------------------------------------------

               Core t (s)   Wall t (s)        (%)
       Time:        0.021        0.038       56.5
               (steps/hour)
Performance:     16021035.8
Finished mdrun on node 0 Wed May 27 14:22:04 2015
