            --------------------------------------------------------
                             AMBER SQM VERSION 14
 
                                     By
              Ross C. Walker, Michael F. Crowley, Scott Brozell,
                         Tim Giese, Andreas W. Goetz,
                        Tai-Sung Lee and David A. Case
 
            --------------------------------------------------------
 

--------------------------------------------------------------------------------
  QM CALCULATION INFO
--------------------------------------------------------------------------------

| QMMM: Citation for AMBER QMMM Run:
| QMMM: R.C. Walker, M.F. Crowley and D.A. Case, J. COMP. CHEM. 29:1019, 2008

QMMM: SINGLET STATE CALCULATION
QMMM: RHF CALCULATION, NO. OF DOUBLY OCCUPIED LEVELS = 15

| QMMM: *** Selected Hamiltonian *** 
| QMMM: AM1         

| QMMM: *** Parameter sets in use ***
| QMMM: C : M.J.S.DEWAR et al. JACS, 107, 3902, (1985)
| QMMM: H : M.J.S.DEWAR et al. JACS, 107, 3902, (1985)

| QMMM: *** SCF convergence criteria ***
| QMMM: Energy change                :  0.1D-09 kcal/mol
| QMMM: Error matrix |FP-PF|         :  0.1D+00 au
| QMMM: Density matrix change        :  0.1D-09
| QMMM: Maximum number of SCF cycles :     1000

| QMMM: *** Diagonalization Routine Information ***
| QMMM: Pseudo diagonalizations are allowed.
| QMMM: Auto diagonalization routine selection is disabled.
| QMMM: Using internal diagonalization routine (diag_routine=1).

  QMMM: QM Region Cartesian Coordinates (*=link atom) 
  QMMM: QM_NO.   MM_NO.  ATOM         X         Y         Z
  QMMM:     1        1      C        5.2740    1.9990   -8.5680
  QMMM:     2        2      C        6.6270    2.0180   -8.2090
  QMMM:     3        3      C        7.3660    0.8290   -8.2020
  QMMM:     4        4      C        6.7520   -0.3790   -8.5540
  QMMM:     5        5      C        5.3990   -0.3980   -8.9120
  QMMM:     6        6      C        4.6600    0.7910   -8.9190
  QMMM:     7        7      H        4.7040    2.9160   -8.5730
  QMMM:     8        8      H        7.1010    2.9500   -7.9380
  QMMM:     9        9      H        8.4100    0.8440   -7.9260
  QMMM:    10       10      H        7.3220   -1.2960   -8.5480
  QMMM:    11       11      H        4.9250   -1.3300   -9.1830
  QMMM:    12       12      H        3.6160    0.7760   -9.1960

--------------------------------------------------------------------------------
  RESULTS
--------------------------------------------------------------------------------

  ... geometry converged !
 
 Final MO eigenvalues (eV):
 -39.1465  -31.3700  -31.3700  -23.0602  -23.0602  -17.8556  -16.1226  -15.4003
 -14.1607  -14.1607  -13.3812  -11.8881  -11.8881   -9.6529   -9.6529    0.5547
   0.5547    2.9778    4.0360    4.0360    4.0476    4.1928    4.5985    4.5985
   5.1230    5.1230    5.6120    5.6120    5.7290    6.1333

 Heat of formation   =         21.93322328 kcal/mol  (        0.95109593 eV)

 Total SCF energy    =     -19609.69494761 kcal/mol  (     -850.34018246 eV)
 Electronic energy   =     -75026.87681224 kcal/mol  (    -3253.40951443 eV)
 Core-core repulsion =      55417.18186463 kcal/mol  (     2403.06933197 eV)
 
    Atomic Charges for Step       1 :
  Atom    Element       Mulliken Charge
     1      C                 -0.130
     2      C                 -0.130
     3      C                 -0.130
     4      C                 -0.130
     5      C                 -0.130
     6      C                 -0.130
     7      H                  0.130
     8      H                  0.130
     9      H                  0.130
    10      H                  0.130
    11      H                  0.130
    12      H                  0.130
 Total Mulliken Charge =      -0.000
 
                  X        Y        Z     TOTAL  
  QM DIPOLE     0.000   -0.000   -0.000    0.000
 
 Final Structure

  QMMM: QM Region Cartesian Coordinates (*=link atom) 
  QMMM: QM_NO.   MM_NO.  ATOM         X         Y         Z
  QMMM:     1        1      C        5.2765    1.9948   -8.5677
  QMMM:     2        2      C        6.6249    2.0138   -8.2105
  QMMM:     3        3      C        7.3614    0.8290   -8.2035
  QMMM:     4        4      C        6.7495   -0.3748   -8.5536
  QMMM:     5        5      C        5.4011   -0.3938   -8.9108
  QMMM:     6        6      C        4.6646    0.7910   -8.9179
  QMMM:     7        7      H        4.6960    2.9287   -8.5732
  QMMM:     8        8      H        7.1073    2.9627   -7.9345
  QMMM:     9        9      H        8.4243    0.8440   -7.9219
  QMMM:    10       10      H        7.3300   -1.3087   -8.5481
  QMMM:    11       11      H        4.9187   -1.3427   -9.1869
  QMMM:    12       12      H        3.6017    0.7760   -9.1995

           --------- Calculation Completed ----------

